2025-05-03 11:03:24,480 INFO user=alice message="Permission denied" request_id=42073a
2025-05-03 11:03:24,480 WARNING user=dee message="User logged out" request_id=48bff4
2025-05-03 11:03:24,480 ERROR user=alice message="Error reading file" request_id=79aa77
2025-05-03 11:03:24,480 WARNING user=dee message="Configuration updated" request_id=a428d3
2025-05-03 11:03:24,481 WARNING user=eve message="Error reading file" request_id=9c1311
2025-05-03 11:03:24,481 INFO user=dee message="Disk space low" request_id=acac01
2025-05-03 11:03:24,481 ERROR user=charlie message="Use password=SecretPassword to login to database on host=database.com" request_id=9c1311
2025-05-03 11:03:24,481 DEBUG user=dee message="Configuration updated" request_id=06bd1a
2025-05-03 11:03:24,481 DEBUG user=alice message="User logged out" request_id=79aa77
2025-05-03 11:03:24,481 WARNING user=alice message="Configuration updated" request_id=b55e09
2025-05-03 11:03:24,481 DEBUG user=alice message="Error reading file" request_id=b55e09
2025-05-03 11:03:24,481 INFO user=eve message="Use password=SecretPassword to login to database on host=database.com" request_id=9c1311
2025-05-03 11:03:24,481 INFO user=alice message="Configuration updated" request_id=b55e09
2025-05-03 11:03:24,481 ERROR user=charlie message="Disk space low" request_id=6653e7
2025-05-03 11:03:24,481 INFO user=alice message="File uploaded" request_id=42073a
2025-05-03 11:03:24,481 INFO user=dee message="Error reading file" request_id=f5be27
2025-05-03 11:03:24,481 DEBUG user=dee message="Configuration updated" request_id=b55e09
2025-05-03 11:03:24,481 WARNING user=dee message="Use password=SecretPassword to login to database on host=database.com" request_id=b55e09
2025-05-03 11:03:24,481 DEBUG user=bob message="Permission denied" request_id=9b7977
2025-05-03 11:03:24,481 ERROR user=charlie message="Login successful" request_id=f5be27
2025-05-03 11:03:24,481 WARNING user=bob message="AUTH Failed" request_id=f938fd
2025-05-03 11:03:24,481 ERROR user=charlie message="Error reading file" request_id=a197e4
2025-05-03 11:03:24,481 WARNING user=dee message="Permission denied" request_id=f5be27
2025-05-03 11:03:24,481 DEBUG user=charlie message="User logged out" request_id=a428d3
2025-05-03 11:03:24,481 ERROR user=dee message="Configuration updated" request_id=f5be27
2025-05-03 11:03:24,481 WARNING user=charlie message="Login successful" request_id=48bff4
2025-05-03 11:03:24,481 INFO user=alice message="Permission denied" request_id=acac01
2025-05-03 11:03:24,481 ERROR user=dee message="User logged out" request_id=a197e4
2025-05-03 11:03:24,481 INFO user=bob message="Use password=SecretPassword to login to database on host=database.com" request_id=48bff4
2025-05-03 11:03:24,481 DEBUG user=charlie message="AUTH Failed" request_id=a428d3
2025-05-03 11:03:24,481 INFO user=bob message="File uploaded" request_id=f5be27
2025-05-03 11:03:24,481 WARNING user=bob message="Login successful" request_id=6653e7
2025-05-03 11:03:24,481 DEBUG user=eve message="User logged out" request_id=f938fd
2025-05-03 11:03:24,481 INFO user=alice message="AUTH Failed" request_id=adfce1
2025-05-03 11:03:24,481 INFO user=eve message="Configuration updated" request_id=b55e09
2025-05-03 11:03:24,481 ERROR user=bob message="File uploaded" request_id=b55e09
2025-05-03 11:03:24,481 WARNING user=eve message="Use password=SecretPassword to login to database on host=database.com" request_id=fe62e3
2025-05-03 11:03:24,481 WARNING user=bob message="User logged out" request_id=42073a
2025-05-03 11:03:24,481 WARNING user=bob message="Permission denied" request_id=a428d3
2025-05-03 11:03:24,481 WARNING user=bob message="AUTH Failed" request_id=06bd1a
2025-05-03 11:03:24,481 ERROR user=charlie message="Error reading file" request_id=acac01
2025-05-03 11:03:24,481 INFO user=bob message="Login successful" request_id=fe62e3
2025-05-03 11:03:24,482 INFO user=eve message="Login successful" request_id=fe62e3
2025-05-03 11:03:24,482 ERROR user=eve message="Use password=SecretPassword to login to database on host=database.com" request_id=b55e09
2025-05-03 11:03:24,482 ERROR user=charlie message="Permission denied" request_id=a428d3
2025-05-03 11:03:24,482 DEBUG user=bob message="AUTH Failed" request_id=06bd1a
2025-05-03 11:03:24,482 ERROR user=charlie message="Error reading file" request_id=9b7977
2025-05-03 11:03:24,482 ERROR user=alice message="Login successful" request_id=42073a
2025-05-03 11:03:24,482 ERROR user=bob message="Login successful" request_id=79aa77
2025-05-03 11:03:24,482 WARNING user=dee message="Login successful" request_id=9c1311
2025-05-03 11:03:24,482 INFO user=charlie message="Permission denied" request_id=b55e09
2025-05-03 11:03:24,482 WARNING user=eve message="Permission denied" request_id=acac01
2025-05-03 11:03:24,482 WARNING user=bob message="Permission denied" request_id=48bff4
2025-05-03 11:03:24,482 WARNING user=dee message="AUTH Failed" request_id=6653e7
2025-05-03 11:03:24,482 INFO user=alice message="File uploaded" request_id=b55e09
2025-05-03 11:03:24,482 ERROR user=eve message="AUTH Failed" request_id=9b7977
2025-05-03 11:03:24,482 WARNING user=eve message="Login successful" request_id=a197e4
2025-05-03 11:03:24,482 WARNING user=bob message="Use password=SecretPassword to login to database on host=database.com" request_id=9c1311
2025-05-03 11:03:24,482 WARNING user=alice message="Login successful" request_id=f5be27
2025-05-03 11:03:24,482 WARNING user=eve message="Disk space low" request_id=9c1311
2025-05-03 11:03:24,482 ERROR user=charlie message="Login successful" request_id=a428d3
2025-05-03 11:03:24,482 ERROR user=charlie message="User logged out" request_id=48bff4
2025-05-03 11:03:24,482 ERROR user=charlie message="Login successful" request_id=a428d3
2025-05-03 11:03:24,482 ERROR user=eve message="Configuration updated" request_id=79aa77
2025-05-03 11:03:24,482 INFO user=charlie message="File uploaded" request_id=6653e7
2025-05-03 11:03:24,482 ERROR user=dee message="Configuration updated" request_id=6653e7
2025-05-03 11:03:24,482 WARNING user=dee message="Login successful" request_id=adfce1
2025-05-03 11:03:24,482 ERROR user=eve message="File uploaded" request_id=fe62e3
2025-05-03 11:03:24,482 DEBUG user=bob message="File uploaded" request_id=acac01
2025-05-03 11:03:24,482 INFO user=bob message="File uploaded" request_id=7e4a82
2025-05-03 11:03:24,482 INFO user=dee message="Login successful" request_id=06bd1a
2025-05-03 11:03:24,482 INFO user=bob message="Configuration updated" request_id=a197e4
2025-05-03 11:03:24,482 WARNING user=alice message="AUTH Failed" request_id=f938fd
2025-05-03 11:03:24,482 ERROR user=bob message="Permission denied" request_id=acac01
2025-05-03 11:03:24,482 INFO user=dee message="Login successful" request_id=42073a
2025-05-03 11:03:24,482 WARNING user=charlie message="Use password=SecretPassword to login to database on host=database.com" request_id=7e4a82
2025-05-03 11:03:24,482 WARNING user=charlie message="Configuration updated" request_id=9c1311
2025-05-03 11:03:24,482 INFO user=bob message="File uploaded" request_id=79aa77
2025-05-03 11:03:24,482 ERROR user=dee message="Use password=SecretPassword to login to database on host=database.com" request_id=a197e4
2025-05-03 11:03:24,482 INFO user=bob message="Configuration updated" request_id=a197e4
2025-05-03 11:03:24,482 WARNING user=alice message="Login successful" request_id=9b7977
2025-05-03 11:03:24,482 DEBUG user=bob message="User logged out" request_id=9b7977
2025-05-03 11:03:24,482 DEBUG user=dee message="User logged out" request_id=b55e09
2025-05-03 11:03:24,482 INFO user=bob message="Login successful" request_id=7e4a82
2025-05-03 11:03:24,482 DEBUG user=charlie message="Configuration updated" request_id=7e4a82
2025-05-03 11:03:24,482 ERROR user=bob message="Error reading file" request_id=6653e7
2025-05-03 11:03:24,482 INFO user=dee message="Use password=SecretPassword to login to database on host=database.com" request_id=42073a
2025-05-03 11:03:24,483 DEBUG user=dee message="AUTH Failed" request_id=79aa77
2025-05-03 11:03:24,483 ERROR user=alice message="AUTH Failed" request_id=b55e09
2025-05-03 11:03:24,483 DEBUG user=alice message="Configuration updated" request_id=c108c1
2025-05-03 11:03:24,483 ERROR user=bob message="AUTH Failed" request_id=6653e7
2025-05-03 11:03:24,483 DEBUG user=alice message="File uploaded" request_id=06bd1a
2025-05-03 11:03:24,483 DEBUG user=charlie message="Permission denied" request_id=a428d3
2025-05-03 11:03:24,483 ERROR user=bob message="AUTH Failed" request_id=48bff4
2025-05-03 11:03:24,483 DEBUG user=eve message="AUTH Failed" request_id=79aa77
2025-05-03 11:03:24,483 ERROR user=bob message="Use password=SecretPassword to login to database on host=database.com" request_id=f938fd
2025-05-03 11:03:24,483 DEBUG user=eve message="Login successful" request_id=f938fd
2025-05-03 11:03:24,483 WARNING user=dee message="Configuration updated" request_id=06bd1a
2025-05-03 11:03:24,483 ERROR user=eve message="Permission denied" request_id=f938fd
2025-05-03 11:03:24,483 WARNING user=eve message="Disk space low" request_id=42073a
2025-05-03 11:03:24,483 INFO user=charlie message="Configuration updated" request_id=b55e09
2025-05-03 11:03:24,483 ERROR user=eve message="Error reading file" request_id=06bd1a
2025-05-03 11:03:24,483 INFO user=alice message="Permission denied" request_id=acac01
2025-05-03 11:03:24,483 DEBUG user=bob message="Use password=SecretPassword to login to database on host=database.com" request_id=fe62e3
2025-05-03 11:03:24,483 INFO user=charlie message="AUTH Failed" request_id=9b7977
2025-05-03 11:03:24,483 ERROR user=charlie message="User logged out" request_id=adfce1
2025-05-03 11:03:24,483 INFO user=alice message="Disk space low" request_id=9b7977
2025-05-03 11:03:24,483 WARNING user=alice message="Error reading file" request_id=79aa77
2025-05-03 11:03:24,483 DEBUG user=bob message="Use password=SecretPassword to login to database on host=database.com" request_id=7e4a82
2025-05-03 11:03:24,483 INFO user=dee message="File uploaded" request_id=c108c1
2025-05-03 11:03:24,483 DEBUG user=dee message="AUTH Failed" request_id=a428d3
2025-05-03 11:03:24,483 ERROR user=charlie message="Login successful" request_id=a197e4
2025-05-03 11:03:24,483 INFO user=alice message="User logged out" request_id=79aa77
2025-05-03 11:03:24,483 DEBUG user=eve message="File uploaded" request_id=42073a
2025-05-03 11:03:24,483 DEBUG user=charlie message="Use password=SecretPassword to login to database on host=database.com" request_id=f5be27
2025-05-03 11:03:24,483 DEBUG user=eve message="Disk space low" request_id=adfce1
2025-05-03 11:03:24,483 WARNING user=bob message="Disk space low" request_id=b55e09
2025-05-03 11:03:24,483 DEBUG user=dee message="User logged out" request_id=48bff4
2025-05-03 11:03:24,483 INFO user=bob message="Permission denied" request_id=48bff4
2025-05-03 11:03:24,483 INFO user=bob message="AUTH Failed" request_id=48bff4
2025-05-03 11:03:24,483 DEBUG user=alice message="AUTH Failed" request_id=a428d3
2025-05-03 11:03:24,483 DEBUG user=bob message="Login successful" request_id=f5be27
2025-05-03 11:03:24,483 INFO user=alice message="Permission denied" request_id=06bd1a
2025-05-03 11:03:24,483 INFO user=bob message="Error reading file" request_id=acac01
2025-05-03 11:03:24,483 DEBUG user=dee message="Configuration updated" request_id=79aa77
2025-05-03 11:03:24,483 DEBUG user=eve message="Login successful" request_id=f938fd
2025-05-03 11:03:24,483 DEBUG user=charlie message="File uploaded" request_id=7e4a82
2025-05-03 11:03:24,483 WARNING user=dee message="Error reading file" request_id=f5be27
2025-05-03 11:03:24,483 INFO user=charlie message="Error reading file" request_id=c108c1
2025-05-03 11:03:24,483 ERROR user=alice message="Permission denied" request_id=a197e4
2025-05-03 11:03:24,483 DEBUG user=alice message="Login successful" request_id=9b7977
2025-05-03 11:03:24,483 ERROR user=bob message="Error reading file" request_id=42073a
2025-05-03 11:03:24,483 ERROR user=bob message="File uploaded" request_id=f938fd
2025-05-03 11:03:24,483 DEBUG user=dee message="Configuration updated" request_id=acac01
2025-05-03 11:03:24,484 DEBUG user=bob message="Login successful" request_id=adfce1
2025-05-03 11:03:24,484 WARNING user=eve message="AUTH Failed" request_id=48bff4
2025-05-03 11:03:24,484 WARNING user=alice message="User logged out" request_id=9b7977
2025-05-03 11:03:24,484 WARNING user=eve message="Use password=SecretPassword to login to database on host=database.com" request_id=48bff4
2025-05-03 11:03:24,484 DEBUG user=eve message="Use password=SecretPassword to login to database on host=database.com" request_id=7e4a82
2025-05-03 11:03:24,484 INFO user=eve message="AUTH Failed" request_id=79aa77
2025-05-03 11:03:24,484 ERROR user=eve message="Login successful" request_id=f5be27
2025-05-03 11:03:24,484 WARNING user=charlie message="Configuration updated" request_id=9b7977
2025-05-03 11:03:24,484 DEBUG user=bob message="AUTH Failed" request_id=9c1311
2025-05-03 11:03:24,484 INFO user=alice message="Use password=SecretPassword to login to database on host=database.com" request_id=f938fd
2025-05-03 11:03:24,484 INFO user=eve message="File uploaded" request_id=adfce1
2025-05-03 11:03:24,484 WARNING user=eve message="Error reading file" request_id=b55e09
2025-05-03 11:03:24,484 WARNING user=charlie message="User logged out" request_id=6653e7
2025-05-03 11:03:24,484 ERROR user=dee message="User logged out" request_id=48bff4
2025-05-03 11:03:24,484 DEBUG user=bob message="Login successful" request_id=a428d3
2025-05-03 11:03:24,484 INFO user=charlie message="Use password=SecretPassword to login to database on host=database.com" request_id=a197e4
2025-05-03 11:03:24,484 INFO user=bob message="Permission denied" request_id=fe62e3
2025-05-03 11:03:24,484 DEBUG user=dee message="AUTH Failed" request_id=adfce1
2025-05-03 11:03:24,484 ERROR user=bob message="Login successful" request_id=c108c1
2025-05-03 11:03:24,484 INFO user=eve message="User logged out" request_id=6653e7
2025-05-03 11:03:24,484 ERROR user=bob message="Login successful" request_id=06bd1a
2025-05-03 11:03:24,484 ERROR user=bob message="User logged out" request_id=48bff4
2025-05-03 11:03:24,484 WARNING user=charlie message="Error reading file" request_id=f938fd
2025-05-03 11:03:24,484 ERROR user=bob message="Login successful" request_id=06bd1a
2025-05-03 11:03:24,484 DEBUG user=bob message="AUTH Failed" request_id=9c1311
2025-05-03 11:03:24,484 DEBUG user=alice message="AUTH Failed" request_id=a197e4
2025-05-03 11:03:24,484 WARNING user=bob message="Configuration updated" request_id=fe62e3
2025-05-03 11:03:24,484 ERROR user=alice message="Disk space low" request_id=acac01
2025-05-03 11:03:24,484 WARNING user=dee message="Use password=SecretPassword to login to database on host=database.com" request_id=f5be27
2025-05-03 11:03:24,484 DEBUG user=bob message="File uploaded" request_id=acac01
2025-05-03 11:03:24,484 WARNING user=alice message="Login successful" request_id=a428d3
2025-05-03 11:03:24,484 DEBUG user=dee message="User logged out" request_id=42073a
2025-05-03 11:03:24,484 ERROR user=eve message="Error reading file" request_id=f5be27
2025-05-03 11:03:24,484 DEBUG user=charlie message="File uploaded" request_id=f938fd
2025-05-03 11:03:24,484 ERROR user=dee message="Configuration updated" request_id=7e4a82
2025-05-03 11:03:24,484 INFO user=dee message="Configuration updated" request_id=a197e4
2025-05-03 11:03:24,484 WARNING user=charlie message="AUTH Failed" request_id=6653e7
2025-05-03 11:03:24,484 DEBUG user=eve message="AUTH Failed" request_id=06bd1a
2025-05-03 11:03:24,484 WARNING user=bob message="File uploaded" request_id=a428d3
2025-05-03 11:03:24,485 ERROR user=alice message="AUTH Failed" request_id=fe62e3
2025-05-03 11:03:24,485 WARNING user=dee message="Disk space low" request_id=b55e09
2025-05-03 11:03:24,485 INFO user=dee message="AUTH Failed" request_id=fe62e3
2025-05-03 11:03:24,485 WARNING user=bob message="User logged out" request_id=fe62e3
2025-05-03 11:03:24,485 WARNING user=alice message="User logged out" request_id=b55e09
2025-05-03 11:03:24,485 INFO user=dee message="File uploaded" request_id=adfce1
2025-05-03 11:03:24,485 DEBUG user=bob message="Login successful" request_id=6653e7
2025-05-03 11:03:24,485 DEBUG user=bob message="Use password=SecretPassword to login to database on host=database.com" request_id=6653e7
2025-05-03 11:03:24,485 ERROR user=alice message="User logged out" request_id=acac01
2025-05-03 11:03:24,485 WARNING user=bob message="Disk space low" request_id=79aa77
2025-05-03 11:03:24,485 WARNING user=charlie message="User logged out" request_id=6653e7
2025-05-03 11:03:24,485 ERROR user=alice message="Error reading file" request_id=06bd1a
2025-05-03 11:03:24,485 WARNING user=charlie message="Disk space low" request_id=6653e7
2025-05-03 11:03:24,485 DEBUG user=eve message="Permission denied" request_id=79aa77
2025-05-03 11:03:24,485 WARNING user=alice message="Configuration updated" request_id=06bd1a
2025-05-03 11:03:24,485 DEBUG user=charlie message="User logged out" request_id=42073a
2025-05-03 11:03:24,485 ERROR user=eve message="Configuration updated" request_id=9b7977
2025-05-03 11:03:24,485 DEBUG user=alice message="Disk space low" request_id=adfce1
2025-05-03 11:03:24,485 DEBUG user=eve message="User logged out" request_id=7e4a82
2025-05-03 11:03:24,485 DEBUG user=alice message="Use password=SecretPassword to login to database on host=database.com" request_id=f938fd
2025-05-03 11:03:24,485 INFO user=dee message="Login successful" request_id=f5be27
2025-05-03 11:03:24,485 DEBUG user=bob message="Disk space low" request_id=a428d3
2025-05-03 11:03:24,485 WARNING user=alice message="File uploaded" request_id=48bff4
2025-05-03 11:03:24,485 DEBUG user=dee message="Disk space low" request_id=fe62e3
2025-05-03 11:03:24,485 INFO user=dee message="Error reading file" request_id=f938fd
2025-05-03 11:03:24,485 ERROR user=eve message="Error reading file" request_id=b55e09
2025-05-03 11:03:24,485 WARNING user=charlie message="AUTH Failed" request_id=c108c1
2025-05-03 11:03:24,485 WARNING user=bob message="Use password=SecretPassword to login to database on host=database.com" request_id=9c1311
2025-05-03 11:03:24,485 INFO user=bob message="User logged out" request_id=9c1311
2025-05-03 11:03:24,485 INFO user=dee message="Configuration updated" request_id=79aa77
2025-05-03 11:03:24,485 WARNING user=alice message="Disk space low" request_id=48bff4
2025-05-03 11:03:24,485 INFO user=bob message="Configuration updated" request_id=9c1311
2025-05-03 11:03:24,485 DEBUG user=dee message="AUTH Failed" request_id=acac01
2025-05-03 11:03:24,485 DEBUG user=dee message="Error reading file" request_id=b55e09
2025-05-03 11:03:24,485 DEBUG user=charlie message="Configuration updated" request_id=acac01
2025-05-03 11:03:24,485 DEBUG user=dee message="Use password=SecretPassword to login to database on host=database.com" request_id=a428d3
2025-05-03 11:03:24,485 ERROR user=bob message="File uploaded" request_id=6653e7
2025-05-03 11:03:24,485 ERROR user=alice message="Permission denied" request_id=a428d3
2025-05-03 11:03:24,485 DEBUG user=alice message="Login successful" request_id=acac01
2025-05-03 11:03:24,485 INFO user=bob message="File uploaded" request_id=f938fd
2025-05-03 11:03:24,485 INFO user=charlie message="Login successful" request_id=7e4a82
2025-05-03 11:03:24,485 DEBUG user=eve message="User logged out" request_id=06bd1a
2025-05-03 11:03:24,485 INFO user=alice message="File uploaded" request_id=7e4a82
2025-05-03 11:03:24,485 INFO user=eve message="Use password=SecretPassword to login to database on host=database.com" request_id=9b7977
2025-05-03 11:03:24,485 WARNING user=dee message="File uploaded" request_id=acac01
2025-05-03 11:03:24,486 ERROR user=alice message="Configuration updated" request_id=42073a
2025-05-03 11:03:24,486 INFO user=eve message="AUTH Failed" request_id=b55e09
2025-05-03 11:03:24,486 ERROR user=alice message="File uploaded" request_id=f5be27
2025-05-03 11:03:24,486 INFO user=bob message="Use password=SecretPassword to login to database on host=database.com" request_id=acac01
2025-05-03 11:03:24,486 DEBUG user=dee message="Use password=SecretPassword to login to database on host=database.com" request_id=a197e4
2025-05-03 11:03:24,486 INFO user=bob message="Permission denied" request_id=9b7977
2025-05-03 11:03:24,486 INFO user=alice message="Disk space low" request_id=9b7977
2025-05-03 11:03:24,486 WARNING user=eve message="File uploaded" request_id=fe62e3
2025-05-03 11:03:24,486 INFO user=charlie message="Error reading file" request_id=42073a
2025-05-03 11:03:24,486 WARNING user=eve message="Configuration updated" request_id=a197e4
2025-05-03 11:03:24,486 INFO user=eve message="Error reading file" request_id=79aa77
2025-05-03 11:03:24,486 WARNING user=bob message="User logged out" request_id=9c1311
2025-05-03 11:03:24,486 DEBUG user=dee message="File uploaded" request_id=79aa77
2025-05-03 11:03:24,486 DEBUG user=alice message="Error reading file" request_id=7e4a82
2025-05-03 11:03:24,486 ERROR user=alice message="Disk space low" request_id=acac01
2025-05-03 11:03:24,486 ERROR user=alice message="User logged out" request_id=79aa77
2025-05-03 19:00:11,182 ERROR user=monica message="Disk space low" request_id=3ede87
2025-05-03 19:00:11,182 WARNING user=john message="Configuration updated" request_id=8dd9ae
2025-05-03 19:00:11,182 WARNING user=john message="Login successful" request_id=843964
2025-05-03 19:00:11,182 INFO user=john message="User logged out" request_id=586c7c
2025-05-03 19:00:11,182 ERROR user=john message="Use password=SecretPassword to login to database on host=database.com" request_id=3ede87
2025-05-03 19:00:11,182 ERROR user=monica message="Error reading file" request_id=f7352e
2025-05-03 19:00:11,182 ERROR user=john message="Login successful" request_id=013476
2025-05-03 19:00:11,182 WARNING user=monica message="Error reading file" request_id=586c7c
2025-05-03 19:00:11,182 INFO user=monica message="Error reading file" request_id=843964
2025-05-03 19:00:11,182 INFO user=john message="Token expired." request_id=013476
2025-05-03 19:00:11,182 DEBUG user=john message="Error reading file" request_id=55a31c
2025-05-03 19:00:11,182 INFO user=john message="User logged out" request_id=60caa0
2025-05-03 19:00:11,182 INFO user=john message="Permission denied" request_id=18907d
2025-05-03 19:00:11,182 INFO user=john message="Token expired." request_id=586c7c
2025-05-03 19:00:11,182 WARNING user=john message="Error reading file" request_id=3ede87
2025-05-03 19:00:11,182 WARNING user=john message="Configuration updated" request_id=013476
2025-05-03 19:00:11,182 WARNING user=monica message="Error reading file" request_id=843964
2025-05-03 19:00:11,182 ERROR user=john message="Configuration updated" request_id=60caa0
2025-05-03 19:00:11,182 DEBUG user=john message="User logged out" request_id=b6329a
2025-05-03 19:00:11,182 DEBUG user=monica message="Permission denied" request_id=bd274a
2025-05-03 19:00:11,182 WARNING user=monica message="File uploaded" request_id=366de6
2025-05-03 19:00:11,182 INFO user=monica message="Configuration updated" request_id=3ede87
2025-05-03 19:00:11,182 DEBUG user=john message="User logged out" request_id=a16493
2025-05-03 19:00:11,182 WARNING user=john message="Configuration updated" request_id=843964
2025-05-03 19:00:11,182 INFO user=monica message="Error reading file" request_id=b6329a
2025-05-03 19:00:11,182 WARNING user=monica message="File uploaded" request_id=4251d0
2025-05-03 19:00:11,182 INFO user=monica message="Use password=SecretPassword to login to database on host=database.com" request_id=a16493
2025-05-03 19:00:11,182 DEBUG user=john message="Configuration updated" request_id=586c7c
2025-05-03 19:00:11,182 INFO user=john message="Error reading file" request_id=4251d0
2025-05-03 19:00:11,182 INFO user=john message="User logged out" request_id=f7352e
2025-05-03 19:00:11,183 WARNING user=monica message="Token expired." request_id=f7352e
2025-05-03 19:00:11,183 DEBUG user=john message="Use password=SecretPassword to login to database on host=database.com" request_id=5ae42a
2025-05-03 19:00:11,183 INFO user=monica message="User logged out" request_id=5ae42a
2025-05-03 19:00:11,183 DEBUG user=john message="Login successful" request_id=a16493
2025-05-03 19:00:11,183 WARNING user=john message="Login successful" request_id=3ede87
2025-05-03 19:00:11,183 ERROR user=monica message="File uploaded" request_id=5ae42a
2025-05-03 19:00:11,183 DEBUG user=monica message="Disk space low" request_id=07c03a
2025-05-03 19:00:11,183 INFO user=monica message="Login successful" request_id=60caa0
2025-05-03 19:00:11,183 INFO user=monica message="File uploaded" request_id=366de6
2025-05-03 19:00:11,183 DEBUG user=john message="Configuration updated" request_id=18907d
2025-05-03 19:00:11,183 DEBUG user=john message="Error reading file" request_id=843964
2025-05-03 19:00:11,183 DEBUG user=john message="Token expired." request_id=b6329a
2025-05-03 19:00:11,183 ERROR user=monica message="Login successful" request_id=55a31c
2025-05-03 19:00:11,183 ERROR user=john message="Error reading file" request_id=843964
2025-05-03 19:00:11,183 INFO user=monica message="Error reading file" request_id=d7158e
2025-05-03 19:00:11,183 ERROR user=john message="Permission denied" request_id=586c7c
2025-05-03 19:00:11,183 ERROR user=john message="Error reading file" request_id=013476
2025-05-03 19:00:11,183 WARNING user=monica message="Error reading file" request_id=bd274a
2025-05-03 19:00:11,183 WARNING user=john message="Configuration updated" request_id=60caa0
2025-05-03 19:00:11,183 ERROR user=john message="Error reading file" request_id=586c7c
2025-05-03 19:00:11,183 ERROR user=john message="Configuration updated" request_id=013476
2025-05-03 19:00:11,183 INFO user=monica message="Login successful" request_id=586c7c
2025-05-03 19:00:11,183 WARNING user=monica message="File uploaded" request_id=843964
2025-05-03 19:00:11,183 INFO user=monica message="Permission denied" request_id=18907d
2025-05-03 19:00:11,183 DEBUG user=monica message="Permission denied" request_id=4251d0
2025-05-03 19:00:11,183 ERROR user=john message="Login successful" request_id=55a31c
2025-05-03 19:00:11,183 INFO user=john message="Configuration updated" request_id=366de6
2025-05-03 19:00:11,183 INFO user=john message="Disk space low" request_id=f7352e
2025-05-03 19:00:11,183 ERROR user=john message="Use password=SecretPassword to login to database on host=database.com" request_id=843964
2025-05-03 19:00:11,183 DEBUG user=monica message="Error reading file" request_id=55a31c
2025-05-03 19:00:11,183 DEBUG user=monica message="Disk space low" request_id=55a31c
2025-05-03 19:00:11,183 WARNING user=monica message="User logged out" request_id=5ae42a
2025-05-03 19:00:11,183 DEBUG user=monica message="File uploaded" request_id=586c7c
2025-05-03 19:00:11,183 WARNING user=monica message="Token expired." request_id=4251d0
2025-05-03 19:00:11,183 ERROR user=monica message="Configuration updated" request_id=18907d
2025-05-03 19:00:11,183 ERROR user=monica message="Login successful" request_id=f7352e
2025-05-03 19:00:11,183 ERROR user=monica message="Permission denied" request_id=8dd9ae
2025-05-03 19:00:11,183 WARNING user=monica message="Permission denied" request_id=60caa0
2025-05-03 19:00:11,183 DEBUG user=monica message="Permission denied" request_id=55a31c
2025-05-03 19:00:11,183 ERROR user=monica message="Error reading file" request_id=8dd9ae
2025-05-03 19:00:11,183 INFO user=monica message="Disk space low" request_id=586c7c
2025-05-03 19:00:11,183 DEBUG user=john message="Disk space low" request_id=013476
2025-05-03 19:00:11,184 INFO user=monica message="File uploaded" request_id=3ede87
2025-05-03 19:00:11,184 INFO user=john message="Token expired." request_id=013476
2025-05-03 19:00:11,184 WARNING user=monica message="Error reading file" request_id=b6329a
2025-05-03 19:00:11,184 INFO user=john message="Configuration updated" request_id=07c03a
2025-05-03 19:00:11,184 WARNING user=monica message="Token expired." request_id=bd274a
2025-05-03 19:00:11,184 DEBUG user=monica message="Configuration updated" request_id=013476
2025-05-03 19:00:11,184 INFO user=john message="Error reading file" request_id=8dd9ae
2025-05-03 19:00:11,184 INFO user=john message="User logged out" request_id=8dd9ae
2025-05-03 19:00:11,184 DEBUG user=monica message="Configuration updated" request_id=bd274a
2025-05-03 19:00:11,184 DEBUG user=john message="Use password=SecretPassword to login to database on host=database.com" request_id=5ae42a
2025-05-03 19:00:11,184 INFO user=monica message="Login successful" request_id=60caa0
2025-05-03 19:00:11,184 WARNING user=monica message="Use password=SecretPassword to login to database on host=database.com" request_id=55a31c
2025-05-03 19:00:11,184 INFO user=john message="Login successful" request_id=55a31c
2025-05-03 19:00:11,184 WARNING user=john message="Error reading file" request_id=d7158e
2025-05-03 19:00:11,184 ERROR user=john message="Permission denied" request_id=b6329a
2025-05-03 19:00:11,184 WARNING user=monica message="Login successful" request_id=b6329a
2025-05-03 19:00:11,184 ERROR user=john message="Use password=SecretPassword to login to database on host=database.com" request_id=013476
2025-05-03 19:00:11,184 ERROR user=monica message="Error reading file" request_id=586c7c
2025-05-03 19:00:11,184 WARNING user=john message="Token expired." request_id=a16493
2025-05-03 19:00:11,184 WARNING user=monica message="Disk space low" request_id=d7158e
2025-05-03 19:00:11,184 DEBUG user=john message="User logged out" request_id=5ae42a
2025-05-03 19:00:11,184 WARNING user=john message="User logged out" request_id=586c7c
2025-05-03 19:00:11,184 INFO user=monica message="Use password=SecretPassword to login to database on host=database.com" request_id=013476
2025-05-03 19:00:11,184 DEBUG user=john message="Login successful" request_id=60caa0
2025-05-03 19:00:11,184 ERROR user=john message="Permission denied" request_id=18907d
2025-05-03 19:00:11,184 INFO user=monica message="Error reading file" request_id=d7158e
2025-05-03 19:00:11,184 DEBUG user=john message="Login successful" request_id=55a31c
2025-05-03 19:00:11,184 WARNING user=john message="File uploaded" request_id=b6329a
2025-05-03 19:01:55,888 INFO user=john message="Login successful" request_id=5cbb26
2025-05-03 19:01:55,889 ERROR user=john message="Configuration updated" request_id=30fde3
2025-05-03 19:01:55,889 WARNING user=monica message="Login successful" request_id=30fde3
2025-05-03 19:01:55,889 ERROR user=monica message="Disk space low" request_id=d8e4f4
2025-05-03 19:01:55,889 ERROR user=john message="Use password=SecretPassword to login to database on host=database.com" request_id=30f0fb
2025-05-03 19:01:55,889 DEBUG user=monica message="User logged out" request_id=68224e
2025-05-03 19:01:55,889 ERROR user=monica message="Disk space low" request_id=ae5c7d
2025-05-03 19:01:55,889 WARNING user=john message="Disk space low" request_id=e106d8
2025-05-03 19:01:55,889 INFO user=john message="Token expired." request_id=d124c9
2025-05-03 19:01:55,890 ERROR user=john message="Configuration updated" request_id=6dafc7
2025-05-03 19:01:55,890 WARNING user=monica message="Permission denied" request_id=30f0fb
2025-05-03 19:01:55,890 INFO user=john message="Error reading file" request_id=68224e
2025-05-03 19:01:55,890 INFO user=john message="Configuration updated" request_id=ed6519
2025-05-03 19:01:55,890 ERROR user=monica message="Login successful" request_id=ae5c7d
2025-05-03 19:01:55,890 INFO user=monica message="Use password=SecretPassword to login to database on host=database.com" request_id=e106d8
2025-05-03 19:01:55,890 DEBUG user=monica message="Use password=SecretPassword to login to database on host=database.com" request_id=30fde3
2025-05-03 19:01:55,890 DEBUG user=monica message="Token expired." request_id=ef47a3
2025-05-03 19:01:55,890 ERROR user=john message="Permission denied" request_id=9f2dfa
2025-05-03 19:01:55,890 INFO user=john message="Disk space low" request_id=e106d8
2025-05-03 19:01:55,890 DEBUG user=monica message="Configuration updated" request_id=ed6519
2025-05-03 19:01:55,890 DEBUG user=monica message="File uploaded" request_id=ed6519
2025-05-03 19:01:55,890 WARNING user=monica message="Configuration updated" request_id=5cbb26
2025-05-03 19:01:55,890 DEBUG user=monica message="File uploaded" request_id=30f0fb
2025-05-03 19:01:55,890 ERROR user=monica message="Disk space low" request_id=ef47a3
2025-05-03 19:01:55,890 INFO user=monica message="Use password=SecretPassword to login to database on host=database.com" request_id=6dafc7
2025-05-03 19:01:55,890 ERROR user=john message="Use password=SecretPassword to login to database on host=database.com" request_id=5cbb26
2025-05-03 19:01:55,890 ERROR user=monica message="Permission denied" request_id=30f0fb
2025-05-03 19:01:55,890 DEBUG user=monica message="Token expired." request_id=dd4271
2025-05-03 19:01:55,890 INFO user=monica message="User logged out" request_id=0e7ddf
2025-05-03 19:01:55,890 ERROR user=john message="Use password=SecretPassword to login to database on host=database.com" request_id=d124c9
2025-05-03 19:01:55,890 INFO user=monica message="File uploaded" request_id=d8e4f4
2025-05-03 19:01:55,890 DEBUG user=monica message="Permission denied" request_id=d8e4f4
2025-05-03 19:01:55,890 WARNING user=monica message="Login successful" request_id=68224e
2025-05-03 19:01:55,891 DEBUG user=john message="User logged out" request_id=30f0fb
2025-05-03 19:01:55,891 INFO user=monica message="Disk space low" request_id=5435e6
2025-05-03 19:01:55,891 DEBUG user=monica message="File uploaded" request_id=68224e
2025-05-03 19:01:55,891 WARNING user=monica message="Login successful" request_id=68224e
2025-05-03 19:01:55,891 DEBUG user=john message="Login successful" request_id=acd3a0
2025-05-03 19:01:55,891 WARNING user=monica message="Permission denied" request_id=9f2dfa
2025-05-03 19:01:55,891 INFO user=monica message="User logged out" request_id=5435e6
2025-05-03 19:01:55,891 DEBUG user=john message="Token expired." request_id=acd3a0
2025-05-03 19:01:55,891 ERROR user=monica message="User logged out" request_id=9f2dfa
2025-05-03 19:01:55,891 DEBUG user=monica message="Token expired." request_id=d124c9
2025-05-03 19:01:55,891 WARNING user=monica message="Token expired." request_id=6dafc7
2025-05-03 19:01:55,891 DEBUG user=monica message="Token expired." request_id=30fde3
2025-05-03 19:01:55,891 WARNING user=john message="Permission denied" request_id=68224e
2025-05-03 19:01:55,891 DEBUG user=monica message="File uploaded" request_id=d124c9
2025-05-03 19:01:55,891 ERROR user=monica message="Login successful" request_id=ef47a3
2025-05-03 19:01:55,891 DEBUG user=monica message="Configuration updated" request_id=30f0fb
2025-05-03 19:01:55,891 DEBUG user=john message="File uploaded" request_id=d8e4f4
2025-05-03 19:01:55,891 INFO user=monica message="Login successful" request_id=30f0fb
2025-05-03 19:01:55,891 WARNING user=john message="Use password=SecretPassword to login to database on host=database.com" request_id=30f0fb
2025-05-03 19:01:55,891 INFO user=monica message="Configuration updated" request_id=ed6519
2025-05-03 19:01:55,891 WARNING user=john message="Configuration updated" request_id=0e7ddf
2025-05-03 19:01:55,891 INFO user=monica message="User logged out" request_id=99e542
2025-05-03 19:01:55,891 ERROR user=john message="File uploaded" request_id=68224e
2025-05-03 19:01:55,891 WARNING user=john message="Login successful" request_id=6dafc7
2025-05-03 19:01:55,891 DEBUG user=monica message="Configuration updated" request_id=30f0fb
2025-05-03 19:01:55,891 INFO user=monica message="User logged out" request_id=6dafc7
2025-05-03 19:01:55,891 ERROR user=john message="Permission denied" request_id=30f0fb
2025-05-03 19:01:55,891 ERROR user=john message="Disk space low" request_id=ef47a3
2025-05-03 19:01:55,891 ERROR user=monica message="Permission denied" request_id=ef47a3
2025-05-03 19:01:55,891 INFO user=john message="Use password=SecretPassword to login to database on host=database.com" request_id=0e7ddf
2025-05-03 19:01:55,891 DEBUG user=john message="Error reading file" request_id=0e7ddf
2025-05-03 19:01:55,891 INFO user=john message="Login successful" request_id=ef47a3
2025-05-03 19:01:55,891 ERROR user=john message="Login successful" request_id=e106d8
2025-05-03 19:01:55,891 INFO user=monica message="Configuration updated" request_id=9f2dfa
2025-05-03 19:01:55,891 DEBUG user=monica message="User logged out" request_id=e106d8
2025-05-03 19:01:55,891 DEBUG user=john message="Disk space low" request_id=d8e4f4
2025-05-03 19:01:55,891 ERROR user=john message="File uploaded" request_id=9f2dfa
2025-05-03 19:01:55,891 INFO user=monica message="User logged out" request_id=0e7ddf
2025-05-03 19:01:55,891 DEBUG user=john message="Disk space low" request_id=5cbb26
2025-05-03 19:01:55,891 WARNING user=john message="User logged out" request_id=acd3a0
2025-05-03 19:01:55,891 WARNING user=monica message="Login successful" request_id=9f2dfa
2025-05-03 19:01:55,891 WARNING user=john message="Disk space low" request_id=ef47a3
2025-05-03 19:01:55,891 INFO user=monica message="Use password=SecretPassword to login to database on host=database.com" request_id=6dafc7
2025-05-03 19:01:55,891 ERROR user=john message="Login successful" request_id=ef47a3
2025-05-03 19:01:55,891 WARNING user=monica message="Configuration updated" request_id=d8e4f4
2025-05-03 19:01:55,891 ERROR user=monica message="Login successful" request_id=d124c9
2025-05-03 19:01:55,891 ERROR user=john message="Disk space low" request_id=30f0fb
2025-05-03 19:01:55,892 ERROR user=john message="Token expired." request_id=30f0fb
2025-05-03 19:01:55,892 ERROR user=monica message="Configuration updated" request_id=9f2dfa
2025-05-03 19:01:55,892 DEBUG user=monica message="Error reading file" request_id=acd3a0
2025-05-03 19:01:55,892 WARNING user=monica message="Token expired." request_id=9f2dfa
2025-05-03 19:01:55,892 WARNING user=john message="File uploaded" request_id=30f0fb
2025-05-03 19:01:55,892 WARNING user=monica message="File uploaded" request_id=9f2dfa
2025-05-03 19:01:55,892 WARNING user=monica message="User logged out" request_id=acd3a0
2025-05-03 19:01:55,892 ERROR user=john message="Configuration updated" request_id=0e7ddf
2025-05-03 19:01:55,892 ERROR user=john message="File uploaded" request_id=30f0fb
2025-05-03 19:01:55,892 WARNING user=monica message="Use password=SecretPassword to login to database on host=database.com" request_id=dd4271
2025-05-03 19:01:55,892 INFO user=john message="Token expired." request_id=5435e6
2025-05-03 19:01:55,892 INFO user=monica message="Use password=SecretPassword to login to database on host=database.com" request_id=5cbb26
2025-05-03 19:01:55,892 DEBUG user=monica message="Error reading file" request_id=9f2dfa
2025-05-03 19:01:55,892 WARNING user=john message="Disk space low" request_id=5435e6
2025-05-03 19:01:55,892 DEBUG user=john message="Token expired." request_id=e106d8
2025-05-03 19:01:55,892 INFO user=john message="User logged out" request_id=68224e
2025-05-03 19:01:55,892 WARNING user=john message="Configuration updated" request_id=ae5c7d
2025-05-03 19:01:55,892 DEBUG user=monica message="Configuration updated" request_id=d124c9
2025-05-03 19:01:55,892 INFO user=monica message="User logged out" request_id=99e542
2025-05-03 19:01:55,892 ERROR user=john message="User logged out" request_id=30fde3
2025-05-03 19:01:55,892 DEBUG user=monica message="Use password=SecretPassword to login to database on host=database.com" request_id=0e7ddf
2025-05-03 19:01:55,892 INFO user=john message="Login successful" request_id=68224e
2025-05-03 19:01:55,892 WARNING user=john message="Disk space low" request_id=6dafc7
2025-05-03 19:01:55,892 DEBUG user=john message="Configuration updated" request_id=ed6519
2025-05-03 19:01:55,892 ERROR user=john message="Disk space low" request_id=ed6519
2025-05-03 19:01:55,892 WARNING user=john message="Disk space low" request_id=68224e
2025-05-03 19:01:55,892 DEBUG user=john message="User logged out" request_id=e106d8
2025-05-03 19:01:55,892 DEBUG user=john message="User logged out" request_id=6dafc7
2025-05-03 19:01:55,892 WARNING user=john message="File uploaded" request_id=30fde3
2025-05-03 19:01:55,892 INFO user=monica message="Use password=SecretPassword to login to database on host=database.com" request_id=30f0fb
2025-05-03 19:01:55,892 DEBUG user=john message="Configuration updated" request_id=30f0fb
2025-05-03 19:01:55,892 WARNING user=monica message="Error reading file" request_id=30fde3
2025-05-03 19:01:55,892 INFO user=john message="Disk space low" request_id=dd4271
2025-05-03 19:01:55,892 WARNING user=monica message="Error reading file" request_id=68224e
2025-05-03 19:01:55,892 WARNING user=monica message="User logged out" request_id=6dafc7
2025-05-03 19:01:55,892 INFO user=john message="Error reading file" request_id=5cbb26
2025-05-03 19:01:55,892 DEBUG user=monica message="Token expired." request_id=30f0fb
2025-05-03 19:01:55,892 ERROR user=monica message="Configuration updated" request_id=5cbb26
2025-05-03 19:01:55,892 INFO user=john message="Use password=SecretPassword to login to database on host=database.com" request_id=5cbb26
2025-05-03 19:01:55,892 DEBUG user=monica message="User logged out" request_id=dd4271
2025-05-03 19:01:55,892 INFO user=monica message="Disk space low" request_id=ed6519
2025-05-03 19:01:55,892 INFO user=john message="Login successful" request_id=e106d8
2025-05-03 19:01:55,892 DEBUG user=john message="Permission denied" request_id=5cbb26
2025-05-03 19:01:55,892 INFO user=john message="Use password=SecretPassword to login to database on host=database.com" request_id=6dafc7
2025-05-03 19:01:55,892 WARNING user=monica message="Error reading file" request_id=d8e4f4
2025-05-03 19:01:55,892 DEBUG user=monica message="Login successful" request_id=6dafc7
2025-05-03 19:01:55,892 DEBUG user=monica message="Permission denied" request_id=30fde3
2025-05-03 19:01:55,892 DEBUG user=john message="Disk space low" request_id=e106d8
2025-05-03 19:01:55,892 ERROR user=john message="Login successful" request_id=6dafc7
2025-05-03 19:01:55,892 INFO user=john message="Use password=SecretPassword to login to database on host=database.com" request_id=5435e6
2025-05-03 19:01:55,893 DEBUG user=john message="Configuration updated" request_id=5cbb26
2025-05-03 19:01:55,893 INFO user=john message="Error reading file" request_id=5cbb26
2025-05-03 19:01:55,893 INFO user=john message="Disk space low" request_id=5435e6
2025-05-03 19:01:55,893 INFO user=john message="File uploaded" request_id=d8e4f4
2025-05-03 19:01:55,893 DEBUG user=monica message="Configuration updated" request_id=ef47a3
2025-05-03 19:01:55,893 INFO user=john message="Token expired." request_id=5cbb26
2025-05-03 19:01:55,893 ERROR user=monica message="Error reading file" request_id=9f2dfa
2025-05-03 19:01:55,893 INFO user=john message="Token expired." request_id=5435e6
2025-05-03 19:01:55,893 INFO user=john message="File uploaded" request_id=d124c9
2025-05-03 19:01:55,893 WARNING user=monica message="Login successful" request_id=e106d8
2025-05-03 19:01:55,893 DEBUG user=monica message="Configuration updated" request_id=6dafc7
2025-05-03 19:01:55,893 WARNING user=john message="Configuration updated" request_id=ed6519
2025-05-03 19:01:55,893 INFO user=john message="Use password=SecretPassword to login to database on host=database.com" request_id=d8e4f4
2025-05-03 19:01:55,893 ERROR user=monica message="Use password=SecretPassword to login to database on host=database.com" request_id=ef47a3
2025-05-03 19:01:55,893 ERROR user=john message="Configuration updated" request_id=0e7ddf
2025-05-03 19:01:55,893 INFO user=john message="Error reading file" request_id=68224e
2025-05-03 19:01:55,893 INFO user=monica message="Configuration updated" request_id=6dafc7
2025-05-03 19:01:55,893 ERROR user=monica message="Permission denied" request_id=ae5c7d
2025-05-03 19:01:55,893 DEBUG user=john message="Disk space low" request_id=acd3a0
2025-05-03 19:01:55,893 ERROR user=monica message="Use password=SecretPassword to login to database on host=database.com" request_id=d8e4f4
2025-05-03 19:01:55,893 INFO user=monica message="Disk space low" request_id=5435e6
2025-05-03 19:01:55,893 WARNING user=monica message="Permission denied" request_id=d8e4f4
2025-05-03 19:01:55,893 ERROR user=john message="Token expired." request_id=dd4271
2025-05-03 19:01:55,893 DEBUG user=monica message="Token expired." request_id=ef47a3
2025-05-03 19:01:55,893 WARNING user=monica message="Disk space low" request_id=30fde3
2025-05-03 19:01:55,893 INFO user=monica message="User logged out" request_id=ae5c7d
2025-05-03 19:01:55,893 INFO user=monica message="Token expired." request_id=0e7ddf
2025-05-03 19:01:55,893 WARNING user=monica message="Permission denied" request_id=ae5c7d
2025-05-03 19:01:55,893 INFO user=monica message="Error reading file" request_id=ed6519
2025-05-03 19:01:55,893 INFO user=john message="Token expired." request_id=ef47a3
2025-05-03 19:01:55,893 INFO user=john message="File uploaded" request_id=ae5c7d
2025-05-03 19:01:55,893 ERROR user=john message="Use password=SecretPassword to login to database on host=database.com" request_id=ed6519
2025-05-03 19:01:55,893 INFO user=john message="Token expired." request_id=68224e
2025-05-03 19:01:55,893 DEBUG user=monica message="Use password=SecretPassword to login to database on host=database.com" request_id=dd4271
2025-05-03 19:01:55,893 DEBUG user=john message="Login successful" request_id=5cbb26
2025-05-03 19:01:55,893 ERROR user=john message="Disk space low" request_id=e106d8
2025-05-03 19:01:55,893 ERROR user=monica message="Configuration updated" request_id=ed6519
2025-05-03 19:01:55,893 DEBUG user=john message="Use password=SecretPassword to login to database on host=database.com" request_id=30fde3
2025-05-03 19:01:55,893 INFO user=monica message="User logged out" request_id=30f0fb
2025-05-03 19:01:55,893 ERROR user=john message="Permission denied" request_id=5cbb26
2025-05-03 19:01:55,893 DEBUG user=monica message="Configuration updated" request_id=68224e
2025-05-03 19:01:55,893 DEBUG user=john message="Token expired." request_id=ae5c7d
2025-05-03 19:01:55,893 ERROR user=monica message="Permission denied" request_id=ef47a3
2025-05-03 19:01:55,893 WARNING user=monica message="File uploaded" request_id=ae5c7d
2025-05-03 19:01:55,893 DEBUG user=john message="File uploaded" request_id=ed6519
2025-05-03 19:01:55,893 DEBUG user=john message="Permission denied" request_id=9f2dfa
2025-05-03 19:01:55,893 ERROR user=monica message="Token expired." request_id=30f0fb
2025-05-03 19:01:55,893 INFO user=monica message="Use password=SecretPassword to login to database on host=database.com" request_id=dd4271
2025-05-03 19:01:55,893 ERROR user=john message="Configuration updated" request_id=9f2dfa
2025-05-03 19:01:55,894 INFO user=john message="File uploaded" request_id=30fde3
2025-05-03 19:01:55,894 DEBUG user=john message="Use password=SecretPassword to login to database on host=database.com" request_id=5cbb26
2025-05-03 19:01:55,894 WARNING user=monica message="Permission denied" request_id=ae5c7d
2025-05-03 19:01:55,894 DEBUG user=monica message="Token expired." request_id=9f2dfa
2025-05-03 19:01:55,894 ERROR user=john message="Error reading file" request_id=e106d8
2025-05-03 19:01:55,894 DEBUG user=monica message="Token expired." request_id=d8e4f4
2025-05-03 19:01:55,894 WARNING user=john message="File uploaded" request_id=acd3a0
2025-05-03 19:01:55,894 INFO user=monica message="User logged out" request_id=acd3a0
2025-05-03 19:01:55,894 INFO user=john message="Login successful" request_id=9f2dfa
2025-05-03 19:01:55,894 DEBUG user=monica message="Disk space low" request_id=5cbb26
2025-05-03 19:01:55,894 INFO user=john message="User logged out" request_id=d124c9
2025-05-03 19:01:55,894 ERROR user=monica message="Error reading file" request_id=0e7ddf
2025-05-03 19:01:55,894 ERROR user=monica message="Disk space low" request_id=5435e6
2025-05-03 19:01:55,894 INFO user=monica message="Disk space low" request_id=99e542
2025-05-03 19:01:55,894 DEBUG user=monica message="Use password=SecretPassword to login to database on host=database.com" request_id=ae5c7d
2025-05-03 19:01:55,894 INFO user=john message="Disk space low" request_id=ae5c7d
2025-05-03 19:01:55,894 DEBUG user=john message="File uploaded" request_id=68224e
2025-05-03 19:01:55,894 ERROR user=monica message="Token expired." request_id=6dafc7
2025-05-03 19:01:55,895 WARNING user=john message="Disk space low" request_id=30fde3
2025-05-03 19:01:55,895 DEBUG user=monica message="Disk space low" request_id=5435e6
2025-05-03 19:01:55,895 ERROR user=john message="Configuration updated" request_id=5cbb26
2025-05-03 19:01:55,895 ERROR user=monica message="User logged out" request_id=6dafc7
2025-05-03 19:01:55,895 INFO user=monica message="File uploaded" request_id=99e542
2025-05-03 19:01:55,895 INFO user=john message="Error reading file" request_id=ef47a3
2025-05-03 19:01:55,895 WARNING user=monica message="Use password=SecretPassword to login to database on host=database.com" request_id=6dafc7
2025-05-03 19:01:55,895 INFO user=john message="User logged out" request_id=ae5c7d
2025-05-03 19:01:55,895 ERROR user=monica message="Permission denied" request_id=68224e
2025-05-03 19:01:55,896 DEBUG user=monica message="Login successful" request_id=e106d8
2025-05-03 19:01:55,896 DEBUG user=monica message="Configuration updated" request_id=0e7ddf
2025-05-03 19:01:55,896 INFO user=monica message="Token expired." request_id=ae5c7d
2025-05-03 19:01:55,896 INFO user=john message="Login successful" request_id=ef47a3
2025-05-03 19:01:55,896 WARNING user=john message="User logged out" request_id=68224e
2025-05-03 19:01:55,896 WARNING user=john message="Token expired." request_id=ef47a3
2025-05-03 19:01:55,896 WARNING user=monica message="Error reading file" request_id=30f0fb
2025-05-03 19:01:55,896 INFO user=monica message="File uploaded" request_id=9f2dfa
2025-05-03 19:01:55,896 DEBUG user=monica message="Permission denied" request_id=ef47a3
2025-05-03 19:01:55,896 INFO user=john message="Disk space low" request_id=30f0fb
2025-05-03 19:01:55,896 ERROR user=john message="Disk space low" request_id=0e7ddf
2025-05-03 19:01:55,896 DEBUG user=monica message="Disk space low" request_id=ef47a3
2025-05-03 19:01:55,896 INFO user=monica message="File uploaded" request_id=9f2dfa
2025-05-03 19:01:55,896 INFO user=monica message="File uploaded" request_id=5cbb26
2025-05-03 19:01:55,897 INFO user=john message="Login successful" request_id=5cbb26
2025-05-03 19:01:55,897 WARNING user=john message="Permission denied" request_id=dd4271
2025-05-03 19:01:55,897 INFO user=monica message="Login successful" request_id=5435e6
2025-05-03 19:01:55,897 WARNING user=john message="File uploaded" request_id=ef47a3
2025-05-03 19:01:55,897 ERROR user=monica message="Error reading file" request_id=5435e6
2025-05-03 19:01:55,897 DEBUG user=monica message="Error reading file" request_id=d124c9
2025-05-03 19:01:55,897 ERROR user=monica message="Token expired." request_id=ef47a3
2025-05-03 19:01:55,897 DEBUG user=john message="Login successful" request_id=e106d8
2025-05-03 19:01:55,897 DEBUG user=monica message="Configuration updated" request_id=ed6519
2025-05-03 19:01:55,897 WARNING user=monica message="Login successful" request_id=ed6519
2025-05-03 19:01:55,897 INFO user=john message="Error reading file" request_id=99e542
2025-05-03 19:01:55,897 WARNING user=monica message="Disk space low" request_id=ed6519
2025-05-03 19:01:55,897 ERROR user=john message="User logged out" request_id=d124c9
2025-05-03 19:01:55,897 ERROR user=monica message="Permission denied" request_id=6dafc7
2025-05-03 19:01:55,897 DEBUG user=john message="Token expired." request_id=d8e4f4
2025-05-03 19:01:55,897 INFO user=monica message="File uploaded" request_id=ed6519
2025-05-03 19:01:55,897 INFO user=monica message="Use password=SecretPassword to login to database on host=database.com" request_id=d124c9
2025-05-03 19:01:55,897 ERROR user=monica message="Token expired." request_id=ed6519
2025-05-03 19:01:55,897 WARNING user=john message="Disk space low" request_id=5cbb26
2025-05-03 19:01:55,897 DEBUG user=monica message="Permission denied" request_id=6dafc7
2025-05-03 19:01:55,897 DEBUG user=john message="Error reading file" request_id=ef47a3
2025-05-03 19:01:55,897 INFO user=monica message="User logged out" request_id=e106d8
2025-05-03 19:01:55,897 DEBUG user=monica message="Error reading file" request_id=9f2dfa
2025-05-03 19:01:55,897 INFO user=monica message="Disk space low" request_id=30fde3
2025-05-03 19:01:55,897 INFO user=monica message="Token expired." request_id=9f2dfa
2025-05-03 19:01:55,897 ERROR user=monica message="File uploaded" request_id=6dafc7
2025-05-03 19:01:55,897 ERROR user=monica message="File uploaded" request_id=0e7ddf
2025-05-03 19:01:55,897 INFO user=monica message="Error reading file" request_id=ae5c7d
2025-05-03 19:01:55,897 DEBUG user=monica message="User logged out" request_id=5435e6
2025-05-03 19:01:55,897 WARNING user=john message="File uploaded" request_id=ef47a3
2025-05-03 19:01:55,897 INFO user=john message="File uploaded" request_id=68224e
2025-05-03 19:01:55,898 ERROR user=john message="User logged out" request_id=ef47a3
2025-05-03 19:01:55,898 INFO user=john message="User logged out" request_id=ef47a3
2025-05-03 19:01:55,898 DEBUG user=monica message="Use password=SecretPassword to login to database on host=database.com" request_id=5435e6
2025-05-03 19:01:55,898 DEBUG user=monica message="Permission denied" request_id=ae5c7d
2025-05-03 19:01:55,898 ERROR user=john message="Login successful" request_id=d124c9
2025-05-03 19:01:55,898 INFO user=john message="Login successful" request_id=acd3a0
2025-05-03 19:01:55,898 ERROR user=monica message="File uploaded" request_id=ae5c7d
2025-05-03 19:01:55,898 INFO user=monica message="User logged out" request_id=30f0fb
2025-05-03 19:01:55,898 DEBUG user=monica message="Disk space low" request_id=5435e6
2025-05-03 19:01:55,898 DEBUG user=monica message="Login successful" request_id=99e542
2025-05-03 19:01:55,898 WARNING user=john message="Error reading file" request_id=99e542
2025-05-03 19:01:55,898 ERROR user=john message="Disk space low" request_id=e106d8
2025-05-03 19:01:55,898 DEBUG user=john message="Configuration updated" request_id=30fde3
2025-05-03 19:01:55,898 WARNING user=john message="Error reading file" request_id=d8e4f4
2025-05-03 19:01:55,898 INFO user=monica message="Disk space low" request_id=99e542
2025-05-03 19:01:55,898 WARNING user=john message="Permission denied" request_id=68224e
2025-05-03 19:01:55,898 INFO user=monica message="File uploaded" request_id=5435e6
2025-05-03 19:01:55,898 INFO user=monica message="Use password=SecretPassword to login to database on host=database.com" request_id=30f0fb
2025-05-03 19:01:55,898 INFO user=monica message="Error reading file" request_id=9f2dfa
2025-05-03 19:01:55,898 ERROR user=john message="Use password=SecretPassword to login to database on host=database.com" request_id=5435e6
2025-05-03 19:01:55,898 DEBUG user=monica message="File uploaded" request_id=30fde3
2025-05-03 19:01:55,898 DEBUG user=monica message="Permission denied" request_id=30f0fb
2025-05-03 19:01:55,898 ERROR user=john message="User logged out" request_id=d124c9
2025-05-03 19:01:55,898 WARNING user=monica message="Disk space low" request_id=d8e4f4
2025-05-03 19:01:55,898 INFO user=john message="File uploaded" request_id=acd3a0
2025-05-03 19:01:55,898 DEBUG user=monica message="Login successful" request_id=dd4271
2025-05-03 19:01:55,898 WARNING user=monica message="File uploaded" request_id=30fde3
2025-05-03 19:01:55,898 WARNING user=monica message="Login successful" request_id=30fde3
2025-05-03 19:01:55,898 WARNING user=john message="User logged out" request_id=acd3a0
2025-05-03 19:01:55,898 DEBUG user=monica message="Disk space low" request_id=5435e6
2025-05-03 19:01:55,898 INFO user=monica message="Token expired." request_id=acd3a0
2025-05-03 19:01:55,898 WARNING user=monica message="Token expired." request_id=68224e
2025-05-03 19:01:55,898 DEBUG user=john message="Configuration updated" request_id=68224e
2025-05-03 19:01:55,898 INFO user=john message="Use password=SecretPassword to login to database on host=database.com" request_id=30fde3
2025-05-03 19:01:55,898 DEBUG user=monica message="Configuration updated" request_id=ae5c7d
2025-05-03 19:01:55,898 WARNING user=monica message="Use password=SecretPassword to login to database on host=database.com" request_id=9f2dfa
2025-05-03 19:01:55,898 DEBUG user=monica message="Permission denied" request_id=5435e6
2025-05-03 19:01:55,898 ERROR user=monica message="Configuration updated" request_id=30f0fb
2025-05-03 19:01:55,898 INFO user=monica message="File uploaded" request_id=0e7ddf
2025-05-03 19:01:55,898 WARNING user=monica message="Permission denied" request_id=dd4271
2025-05-03 19:01:55,898 DEBUG user=monica message="Token expired." request_id=dd4271
2025-05-03 19:01:55,899 INFO user=monica message="Use password=SecretPassword to login to database on host=database.com" request_id=30f0fb
2025-05-03 19:01:55,899 DEBUG user=monica message="Disk space low" request_id=9f2dfa
2025-05-03 19:01:55,899 INFO user=monica message="Login successful" request_id=6dafc7
2025-05-03 19:01:55,899 DEBUG user=monica message="Disk space low" request_id=e106d8
2025-05-03 19:01:55,899 INFO user=john message="Error reading file" request_id=ef47a3
2025-05-03 19:01:55,899 INFO user=monica message="Permission denied" request_id=ae5c7d
2025-05-03 19:01:55,899 ERROR user=monica message="Error reading file" request_id=0e7ddf
2025-05-03 19:01:55,899 WARNING user=monica message="Error reading file" request_id=30f0fb
2025-05-03 19:04:21,524 ERROR user=bob message="AUTH Failed" request_id=0a7388
2025-05-03 19:04:21,524 DEBUG user=bob message="User logged out" request_id=4e450f
2025-05-03 19:04:21,524 DEBUG user=alice message="Use password=SecretPassword to login to database on host=database.com" request_id=cc5490
2025-05-03 19:04:21,524 INFO user=alice message="AUTH Failed" request_id=cc5490
2025-05-03 19:04:21,524 WARNING user=charlie message="Error reading file" request_id=5690b5
2025-05-03 19:04:21,524 WARNING user=bob message="Permission denied" request_id=4b6faa
2025-05-03 19:04:21,524 INFO user=charlie message="Disk space low" request_id=76a5ff
2025-05-03 19:04:21,524 INFO user=bob message="Configuration updated" request_id=04b6e9
2025-05-03 19:04:21,524 INFO user=eve message="Permission denied" request_id=04b6e9
2025-05-03 19:04:21,524 ERROR user=alice message="Login successful" request_id=72fb21
2025-05-03 19:04:21,524 DEBUG user=eve message="Login successful" request_id=72fb21
2025-05-03 19:04:21,524 ERROR user=alice message="Login successful" request_id=b6e4e7
2025-05-03 19:04:21,524 ERROR user=alice message="File uploaded" request_id=a39296
2025-05-03 19:04:21,524 WARNING user=alice message="Permission denied" request_id=5690b5
2025-05-03 19:04:21,524 INFO user=bob message="Configuration updated" request_id=4e450f
2025-05-03 19:04:21,524 WARNING user=alice message="Permission denied" request_id=a5b5ea
2025-05-03 19:04:21,524 WARNING user=bob message="Login successful" request_id=900f1f
2025-05-03 19:04:21,524 WARNING user=bob message="Permission denied" request_id=b6e4e7
2025-05-03 19:04:21,524 INFO user=dee message="Configuration updated" request_id=900f1f
2025-05-03 19:04:21,524 INFO user=dee message="Configuration updated" request_id=900f1f
2025-05-03 19:04:21,524 WARNING user=alice message="Permission denied" request_id=4b6faa
2025-05-03 19:04:21,524 INFO user=dee message="Login successful" request_id=5690b5
2025-05-03 19:04:21,524 WARNING user=dee message="Permission denied" request_id=4b6221
2025-05-03 19:04:21,524 INFO user=alice message="Permission denied" request_id=4e450f
2025-05-03 19:04:21,524 WARNING user=alice message="Permission denied" request_id=5690b5
2025-05-03 19:04:21,524 DEBUG user=dee message="Error reading file" request_id=5690b5
2025-05-03 19:04:21,524 ERROR user=eve message="Error reading file" request_id=b6e4e7
2025-05-03 19:04:21,524 ERROR user=eve message="User logged out" request_id=4b6221
2025-05-03 19:04:21,524 INFO user=alice message="File uploaded" request_id=0a7388
2025-05-03 19:04:21,524 INFO user=eve message="Error reading file" request_id=cc5490
2025-05-03 19:04:21,524 WARNING user=eve message="AUTH Failed" request_id=b6e4e7
2025-05-03 19:04:21,524 WARNING user=eve message="Login successful" request_id=4b6faa
2025-05-03 19:04:21,524 ERROR user=charlie message="Login successful" request_id=619a2d
2025-05-03 19:04:21,524 INFO user=charlie message="Error reading file" request_id=d5553f
2025-05-03 19:04:21,525 WARNING user=eve message="Disk space low" request_id=fc7dea
2025-05-03 19:04:21,525 ERROR user=alice message="Error reading file" request_id=5690b5
2025-05-03 19:04:21,525 WARNING user=charlie message="Error reading file" request_id=900f1f
2025-05-03 19:04:21,525 ERROR user=eve message="AUTH Failed" request_id=4b6faa
2025-05-03 19:04:21,525 INFO user=dee message="File uploaded" request_id=619a2d
2025-05-03 19:04:21,525 DEBUG user=dee message="File uploaded" request_id=d5553f
2025-05-03 19:04:21,525 WARNING user=charlie message="User logged out" request_id=fc7dea
2025-05-03 19:04:21,525 INFO user=bob message="AUTH Failed" request_id=4e450f
2025-05-03 19:04:21,525 INFO user=eve message="Use password=SecretPassword to login to database on host=database.com" request_id=72fb21
2025-05-03 19:04:21,525 ERROR user=bob message="Disk space low" request_id=cc5490
2025-05-03 19:04:21,525 DEBUG user=eve message="AUTH Failed" request_id=76a5ff
2025-05-03 19:04:21,525 WARNING user=charlie message="Disk space low" request_id=76a5ff
2025-05-03 19:04:21,525 ERROR user=dee message="Disk space low" request_id=0a7388
2025-05-03 19:04:21,525 WARNING user=alice message="Use password=SecretPassword to login to database on host=database.com" request_id=d5553f
2025-05-03 19:04:21,525 INFO user=alice message="AUTH Failed" request_id=4e450f
2025-05-03 19:04:21,525 INFO user=charlie message="Permission denied" request_id=5690b5
2025-05-03 19:04:21,525 INFO user=alice message="AUTH Failed" request_id=900f1f
2025-05-03 19:04:21,525 ERROR user=alice message="AUTH Failed" request_id=b6e4e7
2025-05-03 19:04:21,525 ERROR user=eve message="Error reading file" request_id=d5553f
2025-05-03 19:04:21,525 INFO user=eve message="Disk space low" request_id=a39296
2025-05-03 19:04:21,525 WARNING user=bob message="Configuration updated" request_id=76a5ff
2025-05-03 19:04:21,525 INFO user=eve message="Use password=SecretPassword to login to database on host=database.com" request_id=a5b5ea
2025-05-03 19:04:21,525 WARNING user=bob message="Configuration updated" request_id=76a5ff
2025-05-03 19:04:21,525 WARNING user=dee message="Disk space low" request_id=5690b5
2025-05-03 19:04:21,525 WARNING user=charlie message="File uploaded" request_id=4e450f
2025-05-03 19:04:21,525 ERROR user=bob message="Permission denied" request_id=d5553f
2025-05-03 19:04:21,525 WARNING user=bob message="User logged out" request_id=54ddab
2025-05-03 19:04:21,525 INFO user=eve message="Configuration updated" request_id=72fb21
2025-05-03 19:04:21,525 INFO user=bob message="Login successful" request_id=cc5490
2025-05-03 19:04:21,525 WARNING user=charlie message="Login successful" request_id=619a2d
2025-05-03 19:04:21,525 DEBUG user=dee message="Login successful" request_id=0a7388
2025-05-03 19:04:21,525 ERROR user=bob message="File uploaded" request_id=72fb21
2025-05-03 19:04:21,525 WARNING user=bob message="Permission denied" request_id=cc5490
2025-05-03 19:04:21,525 WARNING user=eve message="Disk space low" request_id=76a5ff
2025-05-03 19:04:21,525 INFO user=bob message="AUTH Failed" request_id=cc5490
2025-05-03 19:04:21,525 ERROR user=bob message="Use password=SecretPassword to login to database on host=database.com" request_id=54ddab
2025-05-03 19:04:21,525 INFO user=eve message="Login successful" request_id=d5553f
2025-05-03 19:04:21,525 DEBUG user=charlie message="Error reading file" request_id=04b6e9
2025-05-03 19:04:21,525 WARNING user=eve message="User logged out" request_id=54ddab
2025-05-03 19:04:21,525 ERROR user=bob message="Permission denied" request_id=4b6faa
2025-05-03 19:04:21,525 INFO user=bob message="Error reading file" request_id=4b6221
2025-05-03 19:04:21,525 DEBUG user=eve message="Use password=SecretPassword to login to database on host=database.com" request_id=619a2d
2025-05-03 19:04:21,525 WARNING user=bob message="Login successful" request_id=5690b5
2025-05-03 19:04:21,526 WARNING user=eve message="File uploaded" request_id=54ddab
2025-05-03 19:04:21,526 ERROR user=bob message="File uploaded" request_id=619a2d
2025-05-03 19:04:21,526 INFO user=eve message="Use password=SecretPassword to login to database on host=database.com" request_id=a39296
2025-05-03 19:04:21,526 ERROR user=bob message="Login successful" request_id=4b6221
2025-05-03 19:04:21,526 ERROR user=dee message="User logged out" request_id=b6e4e7
2025-05-03 19:04:21,526 INFO user=alice message="Use password=SecretPassword to login to database on host=database.com" request_id=900f1f
2025-05-03 19:04:21,526 ERROR user=dee message="Use password=SecretPassword to login to database on host=database.com" request_id=a39296
2025-05-03 19:04:21,526 ERROR user=eve message="Configuration updated" request_id=fc7dea
2025-05-03 19:04:21,526 INFO user=dee message="AUTH Failed" request_id=d5553f
2025-05-03 19:04:21,526 DEBUG user=eve message="Error reading file" request_id=4e450f
2025-05-03 19:04:21,526 INFO user=dee message="Configuration updated" request_id=b6e4e7
2025-05-03 19:04:21,526 DEBUG user=eve message="Configuration updated" request_id=a5b5ea
2025-05-03 19:04:21,526 ERROR user=charlie message="Error reading file" request_id=5690b5
2025-05-03 19:04:21,526 WARNING user=alice message="File uploaded" request_id=a5b5ea
2025-05-03 19:04:21,526 INFO user=bob message="AUTH Failed" request_id=cc5490
2025-05-03 19:04:21,526 DEBUG user=eve message="Use password=SecretPassword to login to database on host=database.com" request_id=a39296
2025-05-03 19:04:21,526 INFO user=eve message="Permission denied" request_id=900f1f
2025-05-03 19:04:21,526 DEBUG user=dee message="Use password=SecretPassword to login to database on host=database.com" request_id=4b6221
2025-05-03 19:04:21,526 INFO user=charlie message="Permission denied" request_id=4e450f
2025-05-03 19:04:21,526 INFO user=eve message="AUTH Failed" request_id=619a2d
2025-05-03 19:04:21,526 INFO user=bob message="File uploaded" request_id=cc5490
2025-05-03 19:04:21,526 WARNING user=charlie message="AUTH Failed" request_id=5690b5
2025-05-03 19:04:21,526 WARNING user=dee message="Error reading file" request_id=72fb21
2025-05-03 19:04:21,526 DEBUG user=eve message="AUTH Failed" request_id=04b6e9
2025-05-03 19:04:21,526 ERROR user=bob message="AUTH Failed" request_id=54ddab
2025-05-03 19:04:21,526 ERROR user=bob message="AUTH Failed" request_id=0a7388
2025-05-03 19:04:21,526 ERROR user=bob message="Permission denied" request_id=76a5ff
2025-05-03 19:04:21,526 DEBUG user=alice message="Configuration updated" request_id=5690b5
2025-05-03 19:04:21,526 INFO user=dee message="AUTH Failed" request_id=a5b5ea
2025-05-03 19:04:21,526 INFO user=eve message="Configuration updated" request_id=04b6e9
2025-05-03 19:04:21,526 INFO user=bob message="Login successful" request_id=d5553f
2025-05-03 19:04:21,526 ERROR user=bob message="Configuration updated" request_id=fc7dea
2025-05-03 19:04:21,526 WARNING user=eve message="Error reading file" request_id=76a5ff
2025-05-03 19:04:21,526 INFO user=eve message="Error reading file" request_id=4e450f
2025-05-03 19:04:21,526 ERROR user=eve message="Permission denied" request_id=5690b5
2025-05-03 19:04:21,526 DEBUG user=charlie message="Disk space low" request_id=900f1f
2025-05-03 19:04:21,526 INFO user=eve message="Error reading file" request_id=a5b5ea
2025-05-03 19:04:21,526 INFO user=dee message="Login successful" request_id=619a2d
2025-05-03 19:04:21,526 INFO user=bob message="Error reading file" request_id=4e450f
2025-05-03 19:04:21,526 ERROR user=eve message="AUTH Failed" request_id=b6e4e7
2025-05-03 19:04:21,526 INFO user=charlie message="Disk space low" request_id=900f1f
2025-05-03 19:04:21,526 ERROR user=dee message="Use password=SecretPassword to login to database on host=database.com" request_id=a39296
2025-05-03 19:04:21,526 DEBUG user=alice message="Configuration updated" request_id=cc5490
2025-05-03 19:04:21,526 ERROR user=eve message="Login successful" request_id=900f1f
2025-05-03 19:04:21,527 DEBUG user=eve message="User logged out" request_id=4b6faa
2025-05-03 19:04:21,527 ERROR user=alice message="Login successful" request_id=54ddab
2025-05-03 19:04:21,527 WARNING user=eve message="Use password=SecretPassword to login to database on host=database.com" request_id=0a7388
2025-05-03 19:04:21,527 ERROR user=eve message="Use password=SecretPassword to login to database on host=database.com" request_id=5690b5
2025-05-03 19:04:21,527 WARNING user=alice message="Permission denied" request_id=54ddab
2025-05-03 19:04:21,527 WARNING user=eve message="Login successful" request_id=0a7388
2025-05-03 19:04:21,527 INFO user=eve message="User logged out" request_id=cc5490
2025-05-03 19:04:21,527 INFO user=charlie message="Error reading file" request_id=fc7dea
2025-05-03 19:04:21,527 ERROR user=dee message="Configuration updated" request_id=54ddab
2025-05-03 19:04:21,527 INFO user=dee message="Login successful" request_id=4e450f
2025-05-03 19:04:21,527 INFO user=bob message="User logged out" request_id=4e450f
2025-05-03 19:04:21,527 WARNING user=alice message="Use password=SecretPassword to login to database on host=database.com" request_id=a39296
2025-05-03 19:04:21,527 DEBUG user=dee message="Login successful" request_id=4e450f
2025-05-03 19:04:21,527 ERROR user=dee message="Disk space low" request_id=a39296
2025-05-03 19:04:21,527 INFO user=charlie message="AUTH Failed" request_id=a39296
2025-05-03 19:04:21,527 ERROR user=eve message="File uploaded" request_id=619a2d
2025-05-03 19:04:21,527 ERROR user=bob message="Permission denied" request_id=4b6221
2025-05-03 19:04:21,527 DEBUG user=charlie message="User logged out" request_id=d5553f
2025-05-03 19:04:21,527 INFO user=charlie message="Login successful" request_id=4e450f
2025-05-03 19:04:21,527 WARNING user=charlie message="File uploaded" request_id=a5b5ea
2025-05-03 19:04:21,527 ERROR user=bob message="Use password=SecretPassword to login to database on host=database.com" request_id=5690b5
2025-05-03 19:04:21,527 WARNING user=dee message="Login successful" request_id=a5b5ea
2025-05-03 19:04:21,527 DEBUG user=dee message="Use password=SecretPassword to login to database on host=database.com" request_id=fc7dea
2025-05-03 19:04:21,527 INFO user=charlie message="User logged out" request_id=cc5490
2025-05-03 19:04:21,527 INFO user=eve message="AUTH Failed" request_id=a5b5ea
2025-05-03 19:04:21,527 INFO user=eve message="Permission denied" request_id=76a5ff
2025-05-03 19:04:21,527 WARNING user=dee message="AUTH Failed" request_id=72fb21
2025-05-03 19:04:21,527 WARNING user=charlie message="Permission denied" request_id=b6e4e7
2025-05-03 19:04:21,527 DEBUG user=dee message="AUTH Failed" request_id=04b6e9
2025-05-03 19:04:21,527 DEBUG user=charlie message="Disk space low" request_id=4b6221
2025-05-03 19:04:21,527 WARNING user=bob message="Permission denied" request_id=5690b5
2025-05-03 19:04:21,527 ERROR user=charlie message="Login successful" request_id=b6e4e7
2025-05-03 19:04:21,527 ERROR user=charlie message="File uploaded" request_id=54ddab
2025-05-03 19:04:21,527 DEBUG user=bob message="Use password=SecretPassword to login to database on host=database.com" request_id=a5b5ea
2025-05-03 19:04:21,528 WARNING user=charlie message="AUTH Failed" request_id=54ddab
2025-05-03 19:04:21,528 ERROR user=dee message="User logged out" request_id=76a5ff
2025-05-03 19:04:21,528 WARNING user=dee message="Configuration updated" request_id=4b6221
2025-05-03 19:04:21,528 DEBUG user=dee message="Login successful" request_id=4b6faa
2025-05-03 19:04:21,528 WARNING user=charlie message="File uploaded" request_id=4b6221
2025-05-03 19:04:21,528 ERROR user=charlie message="Use password=SecretPassword to login to database on host=database.com" request_id=fc7dea
2025-05-03 19:04:21,528 ERROR user=alice message="File uploaded" request_id=72fb21
2025-05-03 19:04:21,528 DEBUG user=charlie message="File uploaded" request_id=4b6221
2025-05-03 19:04:21,528 DEBUG user=dee message="Configuration updated" request_id=fc7dea
2025-05-03 19:04:21,528 ERROR user=dee message="AUTH Failed" request_id=fc7dea
2025-05-03 19:04:21,528 ERROR user=charlie message="AUTH Failed" request_id=fc7dea
2025-05-03 19:04:21,528 DEBUG user=charlie message="Use password=SecretPassword to login to database on host=database.com" request_id=d5553f
2025-05-03 19:04:21,528 DEBUG user=bob message="File uploaded" request_id=b6e4e7
2025-05-03 19:04:21,528 INFO user=alice message="AUTH Failed" request_id=a39296
2025-05-03 19:04:21,528 WARNING user=bob message="Login successful" request_id=0a7388
2025-05-03 19:04:21,528 INFO user=charlie message="Login successful" request_id=b6e4e7
2025-05-03 19:04:21,528 INFO user=alice message="File uploaded" request_id=a39296
2025-05-03 19:04:21,528 ERROR user=alice message="Use password=SecretPassword to login to database on host=database.com" request_id=4b6221
2025-05-03 19:04:21,528 WARNING user=charlie message="Disk space low" request_id=5690b5
2025-05-03 19:04:21,528 DEBUG user=eve message="User logged out" request_id=cc5490
2025-05-03 19:04:21,528 INFO user=alice message="Permission denied" request_id=900f1f
2025-05-03 19:04:21,528 DEBUG user=dee message="File uploaded" request_id=76a5ff
2025-05-03 19:04:21,528 DEBUG user=eve message="Disk space low" request_id=0a7388
2025-05-03 19:04:21,528 WARNING user=bob message="AUTH Failed" request_id=4b6221
2025-05-03 19:04:21,528 DEBUG user=bob message="User logged out" request_id=76a5ff
2025-05-03 19:04:21,528 INFO user=charlie message="AUTH Failed" request_id=76a5ff
2025-05-03 19:04:21,528 DEBUG user=bob message="Login successful" request_id=54ddab
2025-05-03 19:04:21,528 ERROR user=eve message="Disk space low" request_id=b6e4e7
2025-05-03 19:04:21,528 WARNING user=dee message="Use password=SecretPassword to login to database on host=database.com" request_id=a5b5ea
2025-05-03 19:04:21,528 ERROR user=bob message="Configuration updated" request_id=4e450f
2025-05-03 19:04:21,528 WARNING user=eve message="Permission denied" request_id=900f1f
2025-05-03 19:04:21,528 ERROR user=bob message="Error reading file" request_id=a5b5ea
2025-05-03 19:04:21,528 INFO user=charlie message="Login successful" request_id=76a5ff
2025-05-03 19:04:21,528 DEBUG user=eve message="Configuration updated" request_id=54ddab
2025-05-03 19:04:21,528 INFO user=eve message="Error reading file" request_id=54ddab
2025-05-03 19:04:21,529 INFO user=charlie message="Login successful" request_id=d5553f
2025-05-03 19:04:21,529 ERROR user=charlie message="AUTH Failed" request_id=54ddab
2025-05-03 19:04:21,529 ERROR user=eve message="File uploaded" request_id=4b6faa
2025-05-03 19:04:21,529 ERROR user=dee message="Error reading file" request_id=4e450f
2025-05-03 19:04:21,529 INFO user=eve message="AUTH Failed" request_id=5690b5
2025-05-03 19:04:21,529 DEBUG user=dee message="Disk space low" request_id=a5b5ea
2025-05-03 19:04:21,529 DEBUG user=dee message="Disk space low" request_id=04b6e9
2025-05-03 19:04:21,529 ERROR user=eve message="Configuration updated" request_id=4b6221
2025-05-03 19:04:21,529 WARNING user=eve message="Configuration updated" request_id=0a7388
2025-05-03 19:04:21,529 ERROR user=charlie message="Error reading file" request_id=a5b5ea
2025-05-03 19:04:21,529 WARNING user=dee message="Configuration updated" request_id=cc5490
2025-05-03 19:04:21,529 INFO user=alice message="Permission denied" request_id=b6e4e7
2025-05-03 19:04:21,529 DEBUG user=alice message="Error reading file" request_id=54ddab
2025-05-03 19:04:21,529 WARNING user=bob message="User logged out" request_id=72fb21
2025-05-03 19:04:21,529 WARNING user=bob message="Use password=SecretPassword to login to database on host=database.com" request_id=b6e4e7
2025-05-03 19:04:21,529 DEBUG user=charlie message="Configuration updated" request_id=619a2d
2025-05-03 19:04:21,529 DEBUG user=charlie message="Configuration updated" request_id=0a7388
2025-05-03 19:04:21,529 DEBUG user=charlie message="User logged out" request_id=54ddab
2025-05-03 19:04:21,529 ERROR user=alice message="Permission denied" request_id=5690b5
2025-05-03 19:04:21,529 ERROR user=eve message="AUTH Failed" request_id=4b6faa
2025-05-03 19:04:21,529 DEBUG user=dee message="User logged out" request_id=72fb21
2025-05-03 19:04:21,529 INFO user=eve message="AUTH Failed" request_id=4b6221
2025-05-03 19:04:21,529 DEBUG user=alice message="Permission denied" request_id=d5553f
2025-05-03 19:04:21,529 INFO user=bob message="Login successful" request_id=fc7dea
2025-05-03 19:04:21,529 ERROR user=eve message="File uploaded" request_id=04b6e9
2025-05-03 19:04:21,529 ERROR user=charlie message="Use password=SecretPassword to login to database on host=database.com" request_id=cc5490
2025-05-03 19:04:21,529 INFO user=charlie message="User logged out" request_id=a39296
2025-05-03 19:04:21,529 WARNING user=dee message="User logged out" request_id=4b6221
2025-05-03 19:04:21,529 ERROR user=bob message="Use password=SecretPassword to login to database on host=database.com" request_id=76a5ff
2025-05-03 19:04:21,529 INFO user=bob message="Configuration updated" request_id=4e450f
2025-05-03 19:04:21,529 DEBUG user=dee message="AUTH Failed" request_id=900f1f
2025-05-03 19:04:21,529 WARNING user=charlie message="Configuration updated" request_id=619a2d
2025-05-03 19:04:21,529 INFO user=alice message="Error reading file" request_id=4e450f
2025-05-03 19:04:21,529 ERROR user=bob message="User logged out" request_id=76a5ff
2025-05-03 19:04:21,530 DEBUG user=alice message="Permission denied" request_id=b6e4e7
2025-05-03 19:04:21,530 WARNING user=charlie message="Login successful" request_id=900f1f
2025-05-03 19:04:21,530 ERROR user=charlie message="Disk space low" request_id=4e450f
2025-05-03 19:04:21,530 ERROR user=dee message="File uploaded" request_id=a5b5ea
2025-05-03 19:04:21,530 WARNING user=charlie message="File uploaded" request_id=b6e4e7
2025-05-03 19:04:21,530 ERROR user=eve message="File uploaded" request_id=72fb21
2025-05-03 19:04:21,530 WARNING user=charlie message="Configuration updated" request_id=b6e4e7
2025-05-03 19:04:21,530 INFO user=dee message="File uploaded" request_id=72fb21
2025-05-03 19:04:21,530 WARNING user=charlie message="Configuration updated" request_id=d5553f
2025-05-03 19:04:21,530 INFO user=dee message="Error reading file" request_id=5690b5
2025-05-03 19:04:21,530 INFO user=charlie message="Login successful" request_id=72fb21
2025-05-03 19:04:21,530 INFO user=dee message="Disk space low" request_id=54ddab
2025-05-03 19:04:21,530 ERROR user=bob message="Permission denied" request_id=cc5490
2025-05-03 19:04:21,530 INFO user=charlie message="User logged out" request_id=d5553f
2025-05-03 19:04:21,530 ERROR user=charlie message="Use password=SecretPassword to login to database on host=database.com" request_id=b6e4e7
2025-05-03 19:04:21,530 INFO user=bob message="AUTH Failed" request_id=72fb21
2025-05-03 19:04:21,530 ERROR user=bob message="File uploaded" request_id=d5553f
2025-05-03 19:04:21,530 DEBUG user=alice message="Use password=SecretPassword to login to database on host=database.com" request_id=619a2d
2025-05-03 19:04:21,530 ERROR user=eve message="Disk space low" request_id=d5553f
2025-05-03 19:04:21,530 DEBUG user=bob message="Use password=SecretPassword to login to database on host=database.com" request_id=04b6e9
2025-05-03 19:04:21,530 DEBUG user=dee message="Error reading file" request_id=a5b5ea
2025-05-03 19:04:21,530 WARNING user=charlie message="Use password=SecretPassword to login to database on host=database.com" request_id=4e450f
2025-05-03 19:04:21,530 INFO user=charlie message="Error reading file" request_id=a39296
2025-05-03 19:04:21,530 WARNING user=dee message="Disk space low" request_id=04b6e9
2025-05-03 19:04:21,530 DEBUG user=alice message="File uploaded" request_id=b6e4e7
2025-05-03 19:04:21,530 INFO user=charlie message="Use password=SecretPassword to login to database on host=database.com" request_id=72fb21
2025-05-03 19:04:21,530 ERROR user=charlie message="Error reading file" request_id=b6e4e7
2025-05-03 19:04:21,530 DEBUG user=alice message="AUTH Failed" request_id=d5553f
2025-05-03 19:04:21,530 WARNING user=alice message="Configuration updated" request_id=b6e4e7
2025-05-03 19:04:21,530 INFO user=charlie message="Login successful" request_id=54ddab
2025-05-03 19:04:21,530 WARNING user=bob message="Configuration updated" request_id=cc5490
2025-05-03 19:04:21,530 INFO user=alice message="Configuration updated" request_id=04b6e9
2025-05-03 19:04:21,530 WARNING user=eve message="Use password=SecretPassword to login to database on host=database.com" request_id=619a2d
2025-05-03 19:04:21,530 WARNING user=charlie message="User logged out" request_id=4b6221
2025-05-03 19:04:21,530 ERROR user=alice message="Configuration updated" request_id=fc7dea
2025-05-03 19:04:21,530 ERROR user=dee message="Disk space low" request_id=76a5ff
2025-05-03 19:04:21,530 ERROR user=charlie message="Disk space low" request_id=76a5ff
2025-05-03 19:04:21,530 WARNING user=dee message="AUTH Failed" request_id=900f1f
2025-05-03 19:04:21,530 WARNING user=dee message="Login successful" request_id=76a5ff
2025-05-03 19:04:21,530 DEBUG user=charlie message="Error reading file" request_id=619a2d
2025-05-03 19:04:21,530 DEBUG user=charlie message="Use password=SecretPassword to login to database on host=database.com" request_id=900f1f
2025-05-03 19:04:21,531 WARNING user=eve message="AUTH Failed" request_id=fc7dea
2025-05-03 19:04:21,531 DEBUG user=dee message="AUTH Failed" request_id=76a5ff
2025-05-03 19:04:21,531 WARNING user=eve message="Use password=SecretPassword to login to database on host=database.com" request_id=b6e4e7
2025-05-03 19:04:21,531 WARNING user=charlie message="AUTH Failed" request_id=04b6e9
2025-05-03 19:04:21,531 INFO user=bob message="Use password=SecretPassword to login to database on host=database.com" request_id=76a5ff
2025-05-03 19:04:21,531 WARNING user=alice message="Disk space low" request_id=04b6e9
2025-05-03 19:04:21,531 WARNING user=alice message="Permission denied" request_id=a5b5ea
2025-05-03 19:04:21,531 WARNING user=dee message="Disk space low" request_id=0a7388
2025-05-03 19:04:21,531 INFO user=dee message="Configuration updated" request_id=04b6e9
2025-05-03 19:04:21,531 DEBUG user=charlie message="Login successful" request_id=b6e4e7
2025-05-03 19:04:21,531 DEBUG user=alice message="Use password=SecretPassword to login to database on host=database.com" request_id=b6e4e7
2025-05-03 19:04:21,531 INFO user=alice message="Permission denied" request_id=04b6e9
2025-05-03 19:04:21,531 ERROR user=charlie message="Login successful" request_id=4b6221
2025-05-03 19:04:21,531 INFO user=charlie message="User logged out" request_id=fc7dea
2025-05-03 19:04:21,531 DEBUG user=alice message="Disk space low" request_id=619a2d
2025-05-03 19:04:21,531 ERROR user=bob message="File uploaded" request_id=54ddab
2025-05-03 19:04:21,531 DEBUG user=alice message="Permission denied" request_id=4e450f
2025-05-03 19:04:21,531 DEBUG user=bob message="Disk space low" request_id=a39296
2025-05-03 19:04:21,531 INFO user=bob message="Configuration updated" request_id=4b6faa
2025-05-03 19:04:21,531 ERROR user=alice message="Disk space low" request_id=4b6221
2025-05-03 19:04:21,531 DEBUG user=charlie message="Use password=SecretPassword to login to database on host=database.com" request_id=cc5490
2025-05-03 19:04:21,531 INFO user=alice message="Error reading file" request_id=a39296
2025-05-03 19:04:21,531 DEBUG user=charlie message="AUTH Failed" request_id=04b6e9
2025-05-03 19:04:21,531 WARNING user=bob message="Use password=SecretPassword to login to database on host=database.com" request_id=b6e4e7
2025-05-03 19:04:21,531 ERROR user=alice message="Error reading file" request_id=76a5ff
2025-05-03 19:04:21,531 DEBUG user=dee message="AUTH Failed" request_id=b6e4e7
2025-05-03 19:04:21,531 ERROR user=charlie message="Login successful" request_id=72fb21
2025-05-03 19:04:21,531 ERROR user=alice message="Disk space low" request_id=76a5ff
2025-05-03 19:04:21,531 DEBUG user=alice message="Configuration updated" request_id=0a7388
2025-05-03 19:04:21,531 DEBUG user=eve message="Configuration updated" request_id=619a2d
2025-05-03 19:04:21,531 WARNING user=bob message="Use password=SecretPassword to login to database on host=database.com" request_id=72fb21
2025-05-03 19:04:21,531 DEBUG user=bob message="Disk space low" request_id=4b6221
2025-05-03 19:04:21,531 INFO user=eve message="Error reading file" request_id=5690b5
2025-05-03 19:04:21,531 WARNING user=charlie message="User logged out" request_id=a5b5ea
2025-05-03 19:04:21,531 ERROR user=bob message="File uploaded" request_id=a5b5ea
