2025-05-03 10:41:44,087 DEBUG user=bob message="Error reading file"
2025-05-03 10:41:44,087 INFO user=charlie message="Login successful"
2025-05-03 10:41:44,087 ERROR user=dee message="Use password=SecretPassword to login to database on host=database.com"
2025-05-03 10:41:44,087 INFO user=eve message="Login successful"
2025-05-03 10:41:44,087 WARNING user=charlie message="Use password=SecretPassword to login to database on host=database.com"
2025-05-03 10:41:44,087 INFO user=charlie message="Disk space low"
2025-05-03 10:41:44,087 WARNING user=charlie message="Use password=SecretPassword to login to database on host=database.com"
2025-05-03 10:41:44,087 WARNING user=eve message="Disk space low"
2025-05-03 10:41:44,087 DEBUG user=bob message="File uploaded"
2025-05-03 10:41:44,088 DEBUG user=dee message="User logged out"
2025-05-03 10:41:44,088 DEBUG user=alice message="Disk space low"
2025-05-03 10:41:44,088 DEBUG user=charlie message="Disk space low"
2025-05-03 10:41:44,088 ERROR user=charlie message="Permission denied"
2025-05-03 10:41:44,088 DEBUG user=dee message="Permission denied"
2025-05-03 10:41:44,088 DEBUG user=bob message="Login successful"
2025-05-03 10:41:44,088 WARNING user=dee message="Error reading file"
2025-05-03 10:41:44,088 DEBUG user=bob message="File uploaded"
2025-05-03 10:41:44,088 ERROR user=eve message="AUTH Failed"
2025-05-03 10:41:44,088 DEBUG user=alice message="Disk space low"
2025-05-03 10:41:44,088 DEBUG user=alice message="Permission denied"
2025-05-03 10:41:44,088 DEBUG user=eve message="Configuration updated"
2025-05-03 10:41:44,088 WARNING user=charlie message="Configuration updated"
2025-05-03 10:41:44,088 DEBUG user=charlie message="Use password=SecretPassword to login to database on host=database.com"
2025-05-03 10:41:44,088 DEBUG user=charlie message="Error reading file"
2025-05-03 10:41:44,088 ERROR user=dee message="Permission denied"
2025-05-03 10:41:44,088 WARNING user=dee message="Permission denied"
2025-05-03 10:41:44,088 WARNING user=charlie message="Login successful"
2025-05-03 10:41:44,088 DEBUG user=bob message="Disk space low"
2025-05-03 10:41:44,088 INFO user=charlie message="File uploaded"
2025-05-03 10:41:44,088 WARNING user=charlie message="Permission denied"
2025-05-03 10:41:44,088 INFO user=charlie message="Disk space low"
2025-05-03 10:41:44,088 DEBUG user=dee message="Error reading file"
2025-05-03 10:41:44,088 DEBUG user=dee message="Permission denied"
2025-05-03 10:41:44,088 INFO user=alice message="Use password=SecretPassword to login to database on host=database.com"
2025-05-03 10:41:44,088 INFO user=alice message="AUTH Failed"
2025-05-03 10:41:44,088 WARNING user=bob message="AUTH Failed"
2025-05-03 10:41:44,088 ERROR user=charlie message="File uploaded"
2025-05-03 10:41:44,088 DEBUG user=charlie message="Error reading file"
2025-05-03 10:41:44,088 WARNING user=charlie message="Login successful"
2025-05-03 10:41:44,088 ERROR user=bob message="Configuration updated"
2025-05-03 10:41:44,088 INFO user=alice message="Disk space low"
2025-05-03 10:41:44,088 WARNING user=charlie message="Configuration updated"
2025-05-03 10:41:44,088 WARNING user=eve message="Disk space low"
2025-05-03 10:41:44,088 INFO user=dee message="User logged out"
2025-05-03 10:41:44,088 INFO user=eve message="Disk space low"
2025-05-03 10:41:44,089 ERROR user=eve message="Disk space low"
2025-05-03 10:41:44,089 DEBUG user=eve message="File uploaded"
2025-05-03 10:41:44,089 ERROR user=charlie message="Configuration updated"
2025-05-03 10:41:44,089 DEBUG user=alice message="Login successful"
2025-05-03 10:41:44,089 WARNING user=charlie message="Use password=SecretPassword to login to database on host=database.com"
2025-05-03 10:41:44,089 ERROR user=alice message="Configuration updated"
2025-05-03 10:41:44,089 INFO user=charlie message="Configuration updated"
2025-05-03 10:41:44,089 INFO user=alice message="Error reading file"
2025-05-03 10:41:44,089 DEBUG user=eve message="Disk space low"
2025-05-03 10:41:44,089 ERROR user=alice message="Permission denied"
2025-05-03 10:41:44,089 ERROR user=alice message="Error reading file"
2025-05-03 10:41:44,089 INFO user=alice message="AUTH Failed"
2025-05-03 10:41:44,089 ERROR user=eve message="Login successful"
2025-05-03 10:41:44,089 INFO user=alice message="User logged out"
2025-05-03 10:41:44,089 ERROR user=dee message="File uploaded"
2025-05-03 10:41:44,089 INFO user=charlie message="Error reading file"
2025-05-03 10:41:44,089 INFO user=eve message="User logged out"
2025-05-03 10:41:44,089 DEBUG user=alice message="Use password=SecretPassword to login to database on host=database.com"
2025-05-03 10:41:44,089 DEBUG user=charlie message="Configuration updated"
2025-05-03 10:41:44,089 ERROR user=dee message="User logged out"
2025-05-03 10:41:44,089 DEBUG user=alice message="Login successful"
2025-05-03 10:41:44,089 DEBUG user=charlie message="User logged out"
2025-05-03 10:41:44,089 WARNING user=alice message="File uploaded"
2025-05-03 10:41:44,089 INFO user=bob message="Permission denied"
2025-05-03 10:41:44,089 INFO user=bob message="Disk space low"
2025-05-03 10:41:44,089 WARNING user=dee message="User logged out"
2025-05-03 10:41:44,089 ERROR user=eve message="File uploaded"
2025-05-03 10:41:44,089 INFO user=bob message="Permission denied"
2025-05-03 10:41:44,089 ERROR user=alice message="AUTH Failed"
2025-05-03 10:41:44,089 INFO user=bob message="User logged out"
2025-05-03 10:41:44,089 ERROR user=bob message="Permission denied"
2025-05-03 10:41:44,089 WARNING user=bob message="AUTH Failed"
2025-05-03 10:41:44,089 WARNING user=bob message="Login successful"
2025-05-03 10:41:44,089 DEBUG user=dee message="File uploaded"
2025-05-03 10:41:44,089 DEBUG user=dee message="File uploaded"
2025-05-03 10:41:44,089 WARNING user=alice message="User logged out"
2025-05-03 10:41:44,089 WARNING user=charlie message="Configuration updated"
2025-05-03 10:41:44,089 DEBUG user=dee message="Disk space low"
2025-05-03 10:41:44,089 INFO user=charlie message="Permission denied"
2025-05-03 10:41:44,089 ERROR user=alice message="Disk space low"
2025-05-03 10:41:44,089 INFO user=bob message="Configuration updated"
2025-05-03 10:41:44,090 DEBUG user=alice message="Permission denied"
2025-05-03 10:41:44,090 WARNING user=eve message="Configuration updated"
2025-05-03 10:41:44,090 ERROR user=eve message="User logged out"
2025-05-03 10:41:44,090 WARNING user=charlie message="Error reading file"
2025-05-03 10:41:44,090 ERROR user=alice message="User logged out"
2025-05-03 10:41:44,090 INFO user=eve message="Disk space low"
2025-05-03 10:41:44,090 WARNING user=charlie message="Error reading file"
2025-05-03 10:41:44,090 WARNING user=eve message="AUTH Failed"
2025-05-03 10:41:44,090 WARNING user=bob message="User logged out"
2025-05-03 10:41:44,090 INFO user=eve message="Configuration updated"
2025-05-03 10:41:44,090 INFO user=charlie message="Error reading file"
2025-05-03 10:41:44,090 ERROR user=charlie message="Configuration updated"
2025-05-03 10:41:44,090 INFO user=dee message="AUTH Failed"
2025-05-03 10:41:44,090 WARNING user=eve message="Use password=SecretPassword to login to database on host=database.com"
